#
# A fatal error has been detected by the Java Runtime Environment:
#
#  EXCEPTION_ACCESS_VIOLATION (0xc0000005) at pc=0x000000007735d5e6, pid=52308, tid=17512
#
# JRE version: Java(TM) SE Runtime Environment (10.0.2+13) (build 10.0.2+13)
# Java VM: Java HotSpot(TM) 64-Bit Server VM (10.0.2+13, mixed mode, tiered, compressed oops, g1 gc, windows-amd64)
# Problematic frame:
# V  [jvm.dll+0x61d5e6]
#
# No core dump will be written. Minidumps are not enabled by default on client versions of Windows
#
# If you would like to submit a bug report, please visit:
#   http://bugreport.java.com/bugreport/crash.jsp
#

---------------  S U M M A R Y ------------

Command Line: -Xdebug -Xnoagent -Djava.compiler=NONE -Xrunjdwp:transport=dt_socket,address=localhost:64563,server=n,suspend=y -Dfile.encoding=UTF-8 com.arunwizz.crawlersystem.application.HTMLPageCrawler

Host: Intel(R) Core(TM) i5-7400 CPU @ 3.00GHz, 4 cores, 15G,  Windows 10 , 64 bit Build 17134 (10.0.17134.1)
Time: Mon Aug 27 10:16:38 2018 Malay Peninsula Standard Time elapsed time: 102 seconds (0d 0h 1m 42s)

---------------  T H R E A D  ---------------

Current thread (0x0000024384246000):  GCTaskThread "GC Thread#2" [stack: 0x0000007694200000,0x0000007694300000] [id=17512]

Stack: [0x0000007694200000,0x0000007694300000],  sp=0x00000076942fd9e0,  free space=1014k
Native frames: (J=compiled Java code, j=interpreted, Vv=VM code, C=native code)
V  [jvm.dll+0x61d5e6]
V  [jvm.dll+0x31dcf3]
V  [jvm.dll+0x31fd53]
V  [jvm.dll+0x32034e]
V  [jvm.dll+0x31da85]
V  [jvm.dll+0x31cee3]
V  [jvm.dll+0x59097f]
V  [jvm.dll+0x590d66]
V  [jvm.dll+0x5915c6]
V  [jvm.dll+0x55c137]
V  [jvm.dll+0x2b8e00]
V  [jvm.dll+0x2b890d]
V  [jvm.dll+0x688e37]
V  [jvm.dll+0x689385]
V  [jvm.dll+0x689324]
V  [jvm.dll+0x2ff205]
V  [jvm.dll+0x2fed2d]
V  [jvm.dll+0x2c9656]
V  [jvm.dll+0x6dffa0]
V  [jvm.dll+0x59f4b0]
C  [msvcr120.dll+0x24f7f]
C  [msvcr120.dll+0x25126]
C  [KERNEL32.DLL+0x13034]
C  [ntdll.dll+0x71431]

JavaThread 0x000002438422a000 (nid = 42172) was being processed
Java frames: (J=compiled Java code, j=interpreted, Vv=VM code)
v  ~RuntimeStub::_new_instance_Java
J 1757 c2 com.arunwizz.crawlersystem.application.ds.tree.Tree.preOrder(Lcom/arunwizz/crawlersystem/application/ds/tree/Node;Ljava/util/List;)V (50 bytes) @ 0x0000024397125fbc [0x0000024397125080+0x0000000000000f3c]
J 1916% c2 com.arunwizz.crawlersystem.application.ds.tree.TreeUtil.partialTreeAlignment(Ljava/util/PriorityQueue;)Ljava/util/List; (155 bytes) @ 0x000002439716943c [0x0000024397168de0+0x000000000000065c]
j  com.arunwizz.crawlersystem.application.HTMLPageCrawler.main([Ljava/lang/String;)V+954
v  ~StubRoutines::call_stub

siginfo: EXCEPTION_ACCESS_VIOLATION (0xc0000005), reading address 0x0000000000000006


Register to memory mapping:

RIP=0x000000007735d5e6 jvm.dll
RAX=0x0000000000000000 is an unknown value
RBX=0x0000000000000000 is an unknown value
RCX=0x00000076942fda40 is an unknown value
RDX=0x0000000000000000 is an unknown value
RSP=0x00000076942fd9e0 is an unknown value
RBP=0x00000076942fdf60 is an unknown value
RSI=0x0000000000000000 is an unknown value
RDI=0x00000076942fe0e0 is an unknown value
R8 =0x0000000000000000 is an unknown value
R9 =0x00000243aa7901e0 is pointing into metadata
R10=0x00000243af62e700 is an unknown value
R11=0x00000243af62b200 is an unknown value
R12=0x00000076942fe301 is an unknown value
R13=0x0000000000000000 is an unknown value
R14=0x0000000000000040 is an unknown value
R15=0x0000000000000a00 is an unknown value


Registers:
RAX=0x0000000000000000, RBX=0x0000000000000000, RCX=0x00000076942fda40, RDX=0x0000000000000000
RSP=0x00000076942fd9e0, RBP=0x00000076942fdf60, RSI=0x0000000000000000, RDI=0x00000076942fe0e0
R8 =0x0000000000000000, R9 =0x00000243aa7901e0, R10=0x00000243af62e700, R11=0x00000243af62b200
R12=0x00000076942fe301, R13=0x0000000000000000, R14=0x0000000000000040, R15=0x0000000000000a00
RIP=0x000000007735d5e6, EFLAGS=0x0000000000010202

Top of Stack: (sp=0x00000076942fd9e0)
0x00000076942fd9e0:   00000076942fda40 0000000000000000
0x00000076942fd9f0:   0000000000000000 0000000000000000
0x00000076942fda00:   0000000000000000 000000007705dcf3
0x00000076942fda10:   0000000000000000 00000076942fe0e0
0x00000076942fda20:   0000000000000000 0000000000000000
0x00000076942fda30:   0000000000000000 0000000000000000
0x00000076942fda40:   0000000077508488 0000000000000000
0x00000076942fda50:   0000000000000000 000000000000000e
0x00000076942fda60:   00000076942fda70 0000000000000000
0x00000076942fda70:   0000000000000000 0000000000000000
0x00000076942fda80:   4fffffff4fffffff 2fffffff4fffffff
0x00000076942fda90:   2fffffff2fffffff 4fffffff4fffffff
0x00000076942fdaa0:   4fffffff4fffffff 000000007735db9c
0x00000076942fdab0:   0000024384246a58 00000000000003d8
0x00000076942fdac0:   00000243842466e0 0000024384246000
0x00000076942fdad0:   00000076942fe0e0 000000007735d7ac 

Instructions: (pc=0x000000007735d5e6)
0x000000007735d5c6:   61 00 8d d5 61 00 cc cc cc cc 40 53 48 83 ec 20
0x000000007735d5d6:   48 8b 41 08 c7 41 10 00 00 00 00 48 89 7c 24 38
0x000000007735d5e6:   80 78 06 28 48 8b d9 74 22 41 b9 28 00 00 00 4c
0x000000007735d5f6:   8d 05 64 38 1f 00 48 8d 0d 6d 38 1f 00 41 8d 51 



---------------  P R O C E S S  ---------------

Threads class SMR info:
_java_thread_list=0x00000243abe1a2a0, length=14, elements={
0x000002438422a000, 0x00000243aac4a000, 0x00000243aac55000, 0x00000243aac46800,
0x00000243aac9b800, 0x00000243aaca6800, 0x00000243aaca9000, 0x00000243aacaa000,
0x00000243aacaa800, 0x00000243aae99000, 0x00000243aaeba800, 0x00000243aaec6800,
0x00000243aaecf800, 0x00000243aaed8800
}

Java Threads: ( => current thread )
  0x000002438422a000 JavaThread "main" [_thread_blocked, id=42172, stack(0x0000007693f00000,0x0000007694000000)]
  0x00000243aac4a000 JavaThread "Reference Handler" daemon [_thread_blocked, id=4388, stack(0x0000007694c00000,0x0000007694d00000)]
  0x00000243aac55000 JavaThread "Finalizer" daemon [_thread_blocked, id=54240, stack(0x0000007694d00000,0x0000007694e00000)]
  0x00000243aac46800 JavaThread "Signal Dispatcher" daemon [_thread_blocked, id=61724, stack(0x0000007694e00000,0x0000007694f00000)]
  0x00000243aac9b800 JavaThread "Attach Listener" daemon [_thread_blocked, id=52168, stack(0x0000007694f00000,0x0000007695000000)]
  0x00000243aaca6800 JavaThread "C2 CompilerThread0" daemon [_thread_blocked, id=25212, stack(0x0000007695000000,0x0000007695100000)]
  0x00000243aaca9000 JavaThread "C2 CompilerThread1" daemon [_thread_blocked, id=32748, stack(0x0000007695100000,0x0000007695200000)]
  0x00000243aacaa000 JavaThread "C1 CompilerThread2" daemon [_thread_blocked, id=6768, stack(0x0000007695200000,0x0000007695300000)]
  0x00000243aacaa800 JavaThread "Sweeper thread" daemon [_thread_blocked, id=9928, stack(0x0000007695300000,0x0000007695400000)]
  0x00000243aae99000 JavaThread "JDWP Transport Listener: dt_socket" daemon [_thread_blocked, id=26680, stack(0x0000007695400000,0x0000007695500000)]
  0x00000243aaeba800 JavaThread "JDWP Event Helper Thread" daemon [_thread_blocked, id=11576, stack(0x0000007695500000,0x0000007695600000)]
  0x00000243aaec6800 JavaThread "JDWP Command Reader" daemon [_thread_in_native, id=38376, stack(0x0000007695600000,0x0000007695700000)]
  0x00000243aaecf800 JavaThread "Service Thread" daemon [_thread_blocked, id=54288, stack(0x0000007695700000,0x0000007695800000)]
  0x00000243aaed8800 JavaThread "Common-Cleaner" daemon [_thread_blocked, id=63420, stack(0x0000007695800000,0x0000007695900000)]

Other Threads:
  0x00000243aac33800 VMThread "VM Thread" [stack: 0x0000007694b00000,0x0000007694c00000] [id=61216]
  0x00000243aaee1800 WatcherThread [stack: 0x0000007695900000,0x0000007695a00000] [id=62680]
  0x0000024384243000 GCTaskThread "GC Thread#0" [stack: 0x0000007694000000,0x0000007694100000] [id=27788]
  0x0000024384244800 GCTaskThread "GC Thread#1" [stack: 0x0000007694100000,0x0000007694200000] [id=58288]
=>0x0000024384246000 GCTaskThread "GC Thread#2" [stack: 0x0000007694200000,0x0000007694300000] [id=17512]
  0x0000024384248000 GCTaskThread "GC Thread#3" [stack: 0x0000007694300000,0x0000007694400000] [id=27464]
  0x0000024384293800 ConcurrentGCThread "G1 Main Marker" [stack: 0x0000007694400000,0x0000007694500000] [id=63640]
  0x0000024384297800 ConcurrentGCThread "G1 Conc#0" [stack: 0x0000007694500000,0x0000007694600000] [id=32120]
  0x00000243a7e74000 ConcurrentGCThread "G1 Refine#0" [stack: 0x0000007694600000,0x0000007694700000] [id=49752]
  0x00000243a7e75000 ConcurrentGCThread "G1 Refine#1" [stack: 0x0000007694700000,0x0000007694800000] [id=7704]
  0x00000243a7e76800 ConcurrentGCThread "G1 Refine#2" [stack: 0x0000007694800000,0x0000007694900000] [id=49488]
  0x00000243a7e77800 ConcurrentGCThread "G1 Refine#3" [stack: 0x0000007694900000,0x0000007694a00000] [id=57148]
  0x00000243a7e7b000 ConcurrentGCThread "G1 Young RemSet Sampling" [stack: 0x0000007694a00000,0x0000007694b00000] [id=50080]

Threads with active compile tasks:

VM state:at safepoint (normal execution)

VM Mutex/Monitor currently owned by a thread:  ([mutex/lock_event])
[0x0000024384227f80] Threads_lock - owner thread: 0x00000243aac33800
[0x00000243842281c0] Heap_lock - owner thread: 0x000002438422a000

Heap address: 0x00000006c0e00000, size: 4082 MB, Compressed Oops mode: Zero based, Oop shift amount: 3
Narrow klass base: 0x0000000000000000, Narrow klass shift: 3
Compressed class space size: 1073741824 Address: 0x00000007c0000000

Heap:
 garbage-first heap   total 378880K, used 232427K [0x00000006c0e00000, 0x00000007c0000000)
  region size 1024K, 222 young (227328K), 1 survivors (1024K)
 Metaspace       used 17392K, capacity 17632K, committed 17920K, reserved 1064960K
  class space    used 1612K, capacity 1748K, committed 1792K, reserved 1048576K
Heap Regions: E=young(eden), S=young(survivor), O=old, HS=humongous(starts), HC=humongous(continues), CS=collection set, F=free, A=archive, TS=gc time stamp, AC=allocation context, TAMS=top-at-mark-start (previous, next)
|   0|0x00000006c0e00000, 0x00000006c0f00000, 0x00000006c0f00000|100%| O|  |TS  1|AC  0|TAMS 0x00000006c0e00000, 0x00000006c0e00000|
|   1|0x00000006c0f00000, 0x00000006c1000000, 0x00000006c1000000|100%| O|  |TS  2|AC  0|TAMS 0x00000006c0f00000, 0x00000006c0f00000|
|   2|0x00000006c1000000, 0x00000006c1100000, 0x00000006c1100000|100%| O|  |TS  2|AC  0|TAMS 0x00000006c1000000, 0x00000006c1000000|
|   3|0x00000006c1100000, 0x00000006c1200000, 0x00000006c1200000|100%| O|  |TS 17|AC  0|TAMS 0x00000006c1100000, 0x00000006c1100000|
|   4|0x00000006c1200000, 0x00000006c1300000, 0x00000006c1300000|100%| O|  |TS 18|AC  0|TAMS 0x00000006c1200000, 0x00000006c1200000|
|   5|0x00000006c1300000, 0x00000006c13f9c00, 0x00000006c1400000| 97%| O|  |TS985|AC  0|TAMS 0x00000006c1300000, 0x00000006c1300000|
|   6|0x00000006c1400000, 0x00000006c1400000, 0x00000006c1500000|  0%| F|  |TS  0|AC  0|TAMS 0x00000006c1400000, 0x00000006c1400000|
|   7|0x00000006c1500000, 0x00000006c1500000, 0x00000006c1600000|  0%| F|  |TS  0|AC  0|TAMS 0x00000006c1500000, 0x00000006c1500000|
|   8|0x00000006c1600000, 0x00000006c1600000, 0x00000006c1700000|  0%| F|  |TS  0|AC  0|TAMS 0x00000006c1600000, 0x00000006c1600000|
|   9|0x00000006c1700000, 0x00000006c1700000, 0x00000006c1800000|  0%| F|  |TS  0|AC  0|TAMS 0x00000006c1700000, 0x00000006c1700000|
|  10|0x00000006c1800000, 0x00000006c1800000, 0x00000006c1900000|  0%| F|  |TS  0|AC  0|TAMS 0x00000006c1800000, 0x00000006c1800000|
|  11|0x00000006c1900000, 0x00000006c1900000, 0x00000006c1a00000|  0%| F|  |TS  0|AC  0|TAMS 0x00000006c1900000, 0x00000006c1900000|
|  12|0x00000006c1a00000, 0x00000006c1a00000, 0x00000006c1b00000|  0%| F|  |TS  0|AC  0|TAMS 0x00000006c1a00000, 0x00000006c1a00000|
|  13|0x00000006c1b00000, 0x00000006c1b00000, 0x00000006c1c00000|  0%| F|  |TS  0|AC  0|TAMS 0x00000006c1b00000, 0x00000006c1b00000|
|  14|0x00000006c1c00000, 0x00000006c1c00000, 0x00000006c1d00000|  0%| F|  |TS  0|AC  0|TAMS 0x00000006c1c00000, 0x00000006c1c00000|
|  15|0x00000006c1d00000, 0x00000006c1d00000, 0x00000006c1e00000|  0%| F|  |TS  0|AC  0|TAMS 0x00000006c1d00000, 0x00000006c1d00000|
|  16|0x00000006c1e00000, 0x00000006c1e00000, 0x00000006c1f00000|  0%| F|  |TS  0|AC  0|TAMS 0x00000006c1e00000, 0x00000006c1e00000|
|  17|0x00000006c1f00000, 0x00000006c1f00000, 0x00000006c2000000|  0%| F|  |TS  0|AC  0|TAMS 0x00000006c1f00000, 0x00000006c1f00000|
|  18|0x00000006c2000000, 0x00000006c2000000, 0x00000006c2100000|  0%| F|  |TS  0|AC  0|TAMS 0x00000006c2000000, 0x00000006c2000000|
|  19|0x00000006c2100000, 0x00000006c2100000, 0x00000006c2200000|  0%| F|  |TS  0|AC  0|TAMS 0x00000006c2100000, 0x00000006c2100000|
|  20|0x00000006c2200000, 0x00000006c2200000, 0x00000006c2300000|  0%| F|  |TS  0|AC  0|TAMS 0x00000006c2200000, 0x00000006c2200000|
|  21|0x00000006c2300000, 0x00000006c2300000, 0x00000006c2400000|  0%| F|  |TS  0|AC  0|TAMS 0x00000006c2300000, 0x00000006c2300000|
|  22|0x00000006c2400000, 0x00000006c2400000, 0x00000006c2500000|  0%| F|  |TS  0|AC  0|TAMS 0x00000006c2400000, 0x00000006c2400000|
|  23|0x00000006c2500000, 0x00000006c2500000, 0x00000006c2600000|  0%| F|  |TS  0|AC  0|TAMS 0x00000006c2500000, 0x00000006c2500000|
|  24|0x00000006c2600000, 0x00000006c2600000, 0x00000006c2700000|  0%| F|  |TS  0|AC  0|TAMS 0x00000006c2600000, 0x00000006c2600000|
|  25|0x00000006c2700000, 0x00000006c2700000, 0x00000006c2800000|  0%| F|  |TS  0|AC  0|TAMS 0x00000006c2700000, 0x00000006c2700000|
|  26|0x00000006c2800000, 0x00000006c2800000, 0x00000006c2900000|  0%| F|  |TS  0|AC  0|TAMS 0x00000006c2800000, 0x00000006c2800000|
|  27|0x00000006c2900000, 0x00000006c2900000, 0x00000006c2a00000|  0%| F|  |TS  0|AC  0|TAMS 0x00000006c2900000, 0x00000006c2900000|
|  28|0x00000006c2a00000, 0x00000006c2a00000, 0x00000006c2b00000|  0%| F|  |TS  0|AC  0|TAMS 0x00000006c2a00000, 0x00000006c2a00000|
|  29|0x00000006c2b00000, 0x00000006c2b00000, 0x00000006c2c00000|  0%| F|  |TS  0|AC  0|TAMS 0x00000006c2b00000, 0x00000006c2b00000|
|  30|0x00000006c2c00000, 0x00000006c2c00000, 0x00000006c2d00000|  0%| F|  |TS  0|AC  0|TAMS 0x00000006c2c00000, 0x00000006c2c00000|
|  31|0x00000006c2d00000, 0x00000006c2d00000, 0x00000006c2e00000|  0%| F|  |TS  0|AC  0|TAMS 0x00000006c2d00000, 0x00000006c2d00000|
|  32|0x00000006c2e00000, 0x00000006c2e00000, 0x00000006c2f00000|  0%| F|  |TS  0|AC  0|TAMS 0x00000006c2e00000, 0x00000006c2e00000|
|  33|0x00000006c2f00000, 0x00000006c2f00000, 0x00000006c3000000|  0%| F|  |TS  0|AC  0|TAMS 0x00000006c2f00000, 0x00000006c2f00000|
|  34|0x00000006c3000000, 0x00000006c3000000, 0x00000006c3100000|  0%| F|  |TS  0|AC  0|TAMS 0x00000006c3000000, 0x00000006c3000000|
|  35|0x00000006c3100000, 0x00000006c3100000, 0x00000006c3200000|  0%| F|  |TS  0|AC  0|TAMS 0x00000006c3100000, 0x00000006c3100000|
|  36|0x00000006c3200000, 0x00000006c3200000, 0x00000006c3300000|  0%| F|  |TS  0|AC  0|TAMS 0x00000006c3200000, 0x00000006c3200000|
|  37|0x00000006c3300000, 0x00000006c3300000, 0x00000006c3400000|  0%| F|  |TS  0|AC  0|TAMS 0x00000006c3300000, 0x00000006c3300000|
|  38|0x00000006c3400000, 0x00000006c3400000, 0x00000006c3500000|  0%| F|  |TS  0|AC  0|TAMS 0x00000006c3400000, 0x00000006c3400000|
|  39|0x00000006c3500000, 0x00000006c3500000, 0x00000006c3600000|  0%| F|  |TS  0|AC  0|TAMS 0x00000006c3500000, 0x00000006c3500000|
|  40|0x00000006c3600000, 0x00000006c3600000, 0x00000006c3700000|  0%| F|  |TS  0|AC  0|TAMS 0x00000006c3600000, 0x00000006c3600000|
|  41|0x00000006c3700000, 0x00000006c3700000, 0x00000006c3800000|  0%| F|  |TS  0|AC  0|TAMS 0x00000006c3700000, 0x00000006c3700000|
|  42|0x00000006c3800000, 0x00000006c3800000, 0x00000006c3900000|  0%| F|  |TS  0|AC  0|TAMS 0x00000006c3800000, 0x00000006c3800000|
|  43|0x00000006c3900000, 0x00000006c3900000, 0x00000006c3a00000|  0%| F|  |TS  0|AC  0|TAMS 0x00000006c3900000, 0x00000006c3900000|
|  44|0x00000006c3a00000, 0x00000006c3a00000, 0x00000006c3b00000|  0%| F|  |TS  0|AC  0|TAMS 0x00000006c3a00000, 0x00000006c3a00000|
|  45|0x00000006c3b00000, 0x00000006c3b00000, 0x00000006c3c00000|  0%| F|  |TS  0|AC  0|TAMS 0x00000006c3b00000, 0x00000006c3b00000|
|  46|0x00000006c3c00000, 0x00000006c3c00000, 0x00000006c3d00000|  0%| F|  |TS  0|AC  0|TAMS 0x00000006c3c00000, 0x00000006c3c00000|
|  47|0x00000006c3d00000, 0x00000006c3d00000, 0x00000006c3e00000|  0%| F|  |TS  0|AC  0|TAMS 0x00000006c3d00000, 0x00000006c3d00000|
|  48|0x00000006c3e00000, 0x00000006c3e00000, 0x00000006c3f00000|  0%| F|  |TS  0|AC  0|TAMS 0x00000006c3e00000, 0x00000006c3e00000|
|  49|0x00000006c3f00000, 0x00000006c3f00000, 0x00000006c4000000|  0%| F|  |TS  0|AC  0|TAMS 0x00000006c3f00000, 0x00000006c3f00000|
|  50|0x00000006c4000000, 0x00000006c4000000, 0x00000006c4100000|  0%| F|  |TS  0|AC  0|TAMS 0x00000006c4000000, 0x00000006c4000000|
|  51|0x00000006c4100000, 0x00000006c4100000, 0x00000006c4200000|  0%| F|  |TS  0|AC  0|TAMS 0x00000006c4100000, 0x00000006c4100000|
|  52|0x00000006c4200000, 0x00000006c4200000, 0x00000006c4300000|  0%| F|  |TS  0|AC  0|TAMS 0x00000006c4200000, 0x00000006c4200000|
|  53|0x00000006c4300000, 0x00000006c4300000, 0x00000006c4400000|  0%| F|  |TS  0|AC  0|TAMS 0x00000006c4300000, 0x00000006c4300000|
|  54|0x00000006c4400000, 0x00000006c4400000, 0x00000006c4500000|  0%| F|  |TS  0|AC  0|TAMS 0x00000006c4400000, 0x00000006c4400000|
|  55|0x00000006c4500000, 0x00000006c4500000, 0x00000006c4600000|  0%| F|  |TS  0|AC  0|TAMS 0x00000006c4500000, 0x00000006c4500000|
|  56|0x00000006c4600000, 0x00000006c4600000, 0x00000006c4700000|  0%| F|  |TS  0|AC  0|TAMS 0x00000006c4600000, 0x00000006c4600000|
|  57|0x00000006c4700000, 0x00000006c4700000, 0x00000006c4800000|  0%| F|  |TS  0|AC  0|TAMS 0x00000006c4700000, 0x00000006c4700000|
|  58|0x00000006c4800000, 0x00000006c4800000, 0x00000006c4900000|  0%| F|  |TS  0|AC  0|TAMS 0x00000006c4800000, 0x00000006c4800000|
|  59|0x00000006c4900000, 0x00000006c4900000, 0x00000006c4a00000|  0%| F|  |TS  0|AC  0|TAMS 0x00000006c4900000, 0x00000006c4900000|
|  60|0x00000006c4a00000, 0x00000006c4a00000, 0x00000006c4b00000|  0%| F|  |TS  0|AC  0|TAMS 0x00000006c4a00000, 0x00000006c4a00000|
|  61|0x00000006c4b00000, 0x00000006c4b00000, 0x00000006c4c00000|  0%| F|  |TS  0|AC  0|TAMS 0x00000006c4b00000, 0x00000006c4b00000|
|  62|0x00000006c4c00000, 0x00000006c4c00000, 0x00000006c4d00000|  0%| F|  |TS  0|AC  0|TAMS 0x00000006c4c00000, 0x00000006c4c00000|
|  63|0x00000006c4d00000, 0x00000006c4d00000, 0x00000006c4e00000|  0%| F|  |TS  0|AC  0|TAMS 0x00000006c4d00000, 0x00000006c4d00000|
|  64|0x00000006c4e00000, 0x00000006c4e00000, 0x00000006c4f00000|  0%| F|  |TS  0|AC  0|TAMS 0x00000006c4e00000, 0x00000006c4e00000|
|  65|0x00000006c4f00000, 0x00000006c4f00000, 0x00000006c5000000|  0%| F|  |TS  0|AC  0|TAMS 0x00000006c4f00000, 0x00000006c4f00000|
|  66|0x00000006c5000000, 0x00000006c5000000, 0x00000006c5100000|  0%| F|  |TS  0|AC  0|TAMS 0x00000006c5000000, 0x00000006c5000000|
|  67|0x00000006c5100000, 0x00000006c5100000, 0x00000006c5200000|  0%| F|  |TS  0|AC  0|TAMS 0x00000006c5100000, 0x00000006c5100000|
|  68|0x00000006c5200000, 0x00000006c5200000, 0x00000006c5300000|  0%| F|  |TS  0|AC  0|TAMS 0x00000006c5200000, 0x00000006c5200000|
|  69|0x00000006c5300000, 0x00000006c5300000, 0x00000006c5400000|  0%| F|  |TS  0|AC  0|TAMS 0x00000006c5300000, 0x00000006c5300000|
|  70|0x00000006c5400000, 0x00000006c5400000, 0x00000006c5500000|  0%| F|  |TS  0|AC  0|TAMS 0x00000006c5400000, 0x00000006c5400000|
|  71|0x00000006c5500000, 0x00000006c5500000, 0x00000006c5600000|  0%| F|  |TS  0|AC  0|TAMS 0x00000006c5500000, 0x00000006c5500000|
|  72|0x00000006c5600000, 0x00000006c5600000, 0x00000006c5700000|  0%| F|  |TS  0|AC  0|TAMS 0x00000006c5600000, 0x00000006c5600000|
|  73|0x00000006c5700000, 0x00000006c5700000, 0x00000006c5800000|  0%| F|  |TS  0|AC  0|TAMS 0x00000006c5700000, 0x00000006c5700000|
|  74|0x00000006c5800000, 0x00000006c5800000, 0x00000006c5900000|  0%| F|  |TS  0|AC  0|TAMS 0x00000006c5800000, 0x00000006c5800000|
|  75|0x00000006c5900000, 0x00000006c5900000, 0x00000006c5a00000|  0%| F|  |TS  0|AC  0|TAMS 0x00000006c5900000, 0x00000006c5900000|
|  76|0x00000006c5a00000, 0x00000006c5a00000, 0x00000006c5b00000|  0%| F|  |TS  0|AC  0|TAMS 0x00000006c5a00000, 0x00000006c5a00000|
|  77|0x00000006c5b00000, 0x00000006c5b00000, 0x00000006c5c00000|  0%| F|  |TS  0|AC  0|TAMS 0x00000006c5b00000, 0x00000006c5b00000|
|  78|0x00000006c5c00000, 0x00000006c5c00000, 0x00000006c5d00000|  0%| F|  |TS  0|AC  0|TAMS 0x00000006c5c00000, 0x00000006c5c00000|
|  79|0x00000006c5d00000, 0x00000006c5d00000, 0x00000006c5e00000|  0%| F|  |TS  0|AC  0|TAMS 0x00000006c5d00000, 0x00000006c5d00000|
|  80|0x00000006c5e00000, 0x00000006c5e00000, 0x00000006c5f00000|  0%| F|  |TS  0|AC  0|TAMS 0x00000006c5e00000, 0x00000006c5e00000|
|  81|0x00000006c5f00000, 0x00000006c5f00000, 0x00000006c6000000|  0%| F|  |TS  0|AC  0|TAMS 0x00000006c5f00000, 0x00000006c5f00000|
|  82|0x00000006c6000000, 0x00000006c6000000, 0x00000006c6100000|  0%| F|  |TS  0|AC  0|TAMS 0x00000006c6000000, 0x00000006c6000000|
|  83|0x00000006c6100000, 0x00000006c6100000, 0x00000006c6200000|  0%| F|  |TS  0|AC  0|TAMS 0x00000006c6100000, 0x00000006c6100000|
|  84|0x00000006c6200000, 0x00000006c6200000, 0x00000006c6300000|  0%| F|  |TS  0|AC  0|TAMS 0x00000006c6200000, 0x00000006c6200000|
|  85|0x00000006c6300000, 0x00000006c6300000, 0x00000006c6400000|  0%| F|  |TS  0|AC  0|TAMS 0x00000006c6300000, 0x00000006c6300000|
|  86|0x00000006c6400000, 0x00000006c6400000, 0x00000006c6500000|  0%| F|  |TS  0|AC  0|TAMS 0x00000006c6400000, 0x00000006c6400000|
|  87|0x00000006c6500000, 0x00000006c6500000, 0x00000006c6600000|  0%| F|  |TS  0|AC  0|TAMS 0x00000006c6500000, 0x00000006c6500000|
|  88|0x00000006c6600000, 0x00000006c6600000, 0x00000006c6700000|  0%| F|  |TS  0|AC  0|TAMS 0x00000006c6600000, 0x00000006c6600000|
|  89|0x00000006c6700000, 0x00000006c6700000, 0x00000006c6800000|  0%| F|  |TS  0|AC  0|TAMS 0x00000006c6700000, 0x00000006c6700000|
|  90|0x00000006c6800000, 0x00000006c6800000, 0x00000006c6900000|  0%| F|  |TS  0|AC  0|TAMS 0x00000006c6800000, 0x00000006c6800000|
|  91|0x00000006c6900000, 0x00000006c6900000, 0x00000006c6a00000|  0%| F|  |TS  0|AC  0|TAMS 0x00000006c6900000, 0x00000006c6900000|
|  92|0x00000006c6a00000, 0x00000006c6a00000, 0x00000006c6b00000|  0%| F|  |TS  0|AC  0|TAMS 0x00000006c6a00000, 0x00000006c6a00000|
|  93|0x00000006c6b00000, 0x00000006c6b00000, 0x00000006c6c00000|  0%| F|  |TS  0|AC  0|TAMS 0x00000006c6b00000, 0x00000006c6b00000|
|  94|0x00000006c6c00000, 0x00000006c6c00000, 0x00000006c6d00000|  0%| F|  |TS  0|AC  0|TAMS 0x00000006c6c00000, 0x00000006c6c00000|
|  95|0x00000006c6d00000, 0x00000006c6d00000, 0x00000006c6e00000|  0%| F|  |TS  0|AC  0|TAMS 0x00000006c6d00000, 0x00000006c6d00000|
|  96|0x00000006c6e00000, 0x00000006c6e00000, 0x00000006c6f00000|  0%| F|  |TS  0|AC  0|TAMS 0x00000006c6e00000, 0x00000006c6e00000|
|  97|0x00000006c6f00000, 0x00000006c6f00000, 0x00000006c7000000|  0%| F|  |TS  0|AC  0|TAMS 0x00000006c6f00000, 0x00000006c6f00000|
|  98|0x00000006c7000000, 0x00000006c7000000, 0x00000006c7100000|  0%| F|  |TS  0|AC  0|TAMS 0x00000006c7000000, 0x00000006c7000000|
|  99|0x00000006c7100000, 0x00000006c7100000, 0x00000006c7200000|  0%| F|  |TS  0|AC  0|TAMS 0x00000006c7100000, 0x00000006c7100000|
| 100|0x00000006c7200000, 0x00000006c7200000, 0x00000006c7300000|  0%| F|  |TS 16|AC  0|TAMS 0x00000006c7200000, 0x00000006c7200000|
| 101|0x00000006c7300000, 0x00000006c7300000, 0x00000006c7400000|  0%| F|  |TS 16|AC  0|TAMS 0x00000006c7300000, 0x00000006c7300000|
| 102|0x00000006c7400000, 0x00000006c7400000, 0x00000006c7500000|  0%| F|  |TS 16|AC  0|TAMS 0x00000006c7400000, 0x00000006c7400000|
| 103|0x00000006c7500000, 0x00000006c7500000, 0x00000006c7600000|  0%| F|  |TS 17|AC  0|TAMS 0x00000006c7500000, 0x00000006c7500000|
| 104|0x00000006c7600000, 0x00000006c7600000, 0x00000006c7700000|  0%| F|  |TS 17|AC  0|TAMS 0x00000006c7600000, 0x00000006c7600000|
| 105|0x00000006c7700000, 0x00000006c7700000, 0x00000006c7800000|  0%| F|  |TS 17|AC  0|TAMS 0x00000006c7700000, 0x00000006c7700000|
| 106|0x00000006c7800000, 0x00000006c7800000, 0x00000006c7900000|  0%| F|  |TS 16|AC  0|TAMS 0x00000006c7800000, 0x00000006c7800000|
| 107|0x00000006c7900000, 0x00000006c7900000, 0x00000006c7a00000|  0%| F|  |TS 16|AC  0|TAMS 0x00000006c7900000, 0x00000006c7900000|
| 108|0x00000006c7a00000, 0x00000006c7a00000, 0x00000006c7b00000|  0%| F|  |TS 16|AC  0|TAMS 0x00000006c7a00000, 0x00000006c7a00000|
| 109|0x00000006c7b00000, 0x00000006c7b00000, 0x00000006c7c00000|  0%| F|  |TS 16|AC  0|TAMS 0x00000006c7b00000, 0x00000006c7b00000|
| 110|0x00000006c7c00000, 0x00000006c7c00000, 0x00000006c7d00000|  0%| F|  |TS 16|AC  0|TAMS 0x00000006c7c00000, 0x00000006c7c00000|
| 111|0x00000006c7d00000, 0x00000006c7d00000, 0x00000006c7e00000|  0%| F|  |TS 16|AC  0|TAMS 0x00000006c7d00000, 0x00000006c7d00000|
| 112|0x00000006c7e00000, 0x00000006c7e00000, 0x00000006c7f00000|  0%| F|  |TS 16|AC  0|TAMS 0x00000006c7e00000, 0x00000006c7e00000|
| 113|0x00000006c7f00000, 0x00000006c7f00000, 0x00000006c8000000|  0%| F|  |TS 16|AC  0|TAMS 0x00000006c7f00000, 0x00000006c7f00000|
| 114|0x00000006c8000000, 0x00000006c8000000, 0x00000006c8100000|  0%| F|  |TS 16|AC  0|TAMS 0x00000006c8000000, 0x00000006c8000000|
| 115|0x00000006c8100000, 0x00000006c8100000, 0x00000006c8200000|  0%| F|  |TS 16|AC  0|TAMS 0x00000006c8100000, 0x00000006c8100000|
| 116|0x00000006c8200000, 0x00000006c8200000, 0x00000006c8300000|  0%| F|  |TS 16|AC  0|TAMS 0x00000006c8200000, 0x00000006c8200000|
| 117|0x00000006c8300000, 0x00000006c8300000, 0x00000006c8400000|  0%| F|  |TS 16|AC  0|TAMS 0x00000006c8300000, 0x00000006c8300000|
| 118|0x00000006c8400000, 0x00000006c8400000, 0x00000006c8500000|  0%| F|  |TS 16|AC  0|TAMS 0x00000006c8400000, 0x00000006c8400000|
| 119|0x00000006c8500000, 0x00000006c8500000, 0x00000006c8600000|  0%| F|  |TS 16|AC  0|TAMS 0x00000006c8500000, 0x00000006c8500000|
| 120|0x00000006c8600000, 0x00000006c8600000, 0x00000006c8700000|  0%| F|  |TS 16|AC  0|TAMS 0x00000006c8600000, 0x00000006c8600000|
| 121|0x00000006c8700000, 0x00000006c8700000, 0x00000006c8800000|  0%| F|  |TS 16|AC  0|TAMS 0x00000006c8700000, 0x00000006c8700000|
| 122|0x00000006c8800000, 0x00000006c8800000, 0x00000006c8900000|  0%| F|  |TS 16|AC  0|TAMS 0x00000006c8800000, 0x00000006c8800000|
| 123|0x00000006c8900000, 0x00000006c8900000, 0x00000006c8a00000|  0%| F|  |TS 21|AC  0|TAMS 0x00000006c8900000, 0x00000006c8900000|
| 124|0x00000006c8a00000, 0x00000006c8a00000, 0x00000006c8b00000|  0%| F|  |TS 20|AC  0|TAMS 0x00000006c8a00000, 0x00000006c8a00000|
| 125|0x00000006c8b00000, 0x00000006c8b00000, 0x00000006c8c00000|  0%| F|  |TS 20|AC  0|TAMS 0x00000006c8b00000, 0x00000006c8b00000|
| 126|0x00000006c8c00000, 0x00000006c8c00000, 0x00000006c8d00000|  0%| F|  |TS 20|AC  0|TAMS 0x00000006c8c00000, 0x00000006c8c00000|
| 127|0x00000006c8d00000, 0x00000006c8d00000, 0x00000006c8e00000|  0%| F|  |TS 20|AC  0|TAMS 0x00000006c8d00000, 0x00000006c8d00000|
| 128|0x00000006c8e00000, 0x00000006c8e00000, 0x00000006c8f00000|  0%| F|  |TS 20|AC  0|TAMS 0x00000006c8e00000, 0x00000006c8e00000|
| 129|0x00000006c8f00000, 0x00000006c8f00000, 0x00000006c9000000|  0%| F|  |TS 20|AC  0|TAMS 0x00000006c8f00000, 0x00000006c8f00000|
| 130|0x00000006c9000000, 0x00000006c9000000, 0x00000006c9100000|  0%| F|  |TS 20|AC  0|TAMS 0x00000006c9000000, 0x00000006c9000000|
| 131|0x00000006c9100000, 0x00000006c9100000, 0x00000006c9200000|  0%| F|  |TS 20|AC  0|TAMS 0x00000006c9100000, 0x00000006c9100000|
| 132|0x00000006c9200000, 0x00000006c9200000, 0x00000006c9300000|  0%| F|  |TS 20|AC  0|TAMS 0x00000006c9200000, 0x00000006c9200000|
| 133|0x00000006c9300000, 0x00000006c9300000, 0x00000006c9400000|  0%| F|  |TS 20|AC  0|TAMS 0x00000006c9300000, 0x00000006c9300000|
| 134|0x00000006c9400000, 0x00000006c9400000, 0x00000006c9500000|  0%| F|  |TS 20|AC  0|TAMS 0x00000006c9400000, 0x00000006c9400000|
| 135|0x00000006c9500000, 0x00000006c9500000, 0x00000006c9600000|  0%| F|  |TS 20|AC  0|TAMS 0x00000006c9500000, 0x00000006c9500000|
| 136|0x00000006c9600000, 0x00000006c9600000, 0x00000006c9700000|  0%| F|  |TS 20|AC  0|TAMS 0x00000006c9600000, 0x00000006c9600000|
| 137|0x00000006c9700000, 0x00000006c9700000, 0x00000006c9800000|  0%| F|  |TS 20|AC  0|TAMS 0x00000006c9700000, 0x00000006c9700000|
| 138|0x00000006c9800000, 0x00000006c9800000, 0x00000006c9900000|  0%| F|  |TS 20|AC  0|TAMS 0x00000006c9800000, 0x00000006c9800000|
| 139|0x00000006c9900000, 0x00000006c9900000, 0x00000006c9a00000|  0%| F|  |TS 20|AC  0|TAMS 0x00000006c9900000, 0x00000006c9900000|
| 140|0x00000006c9a00000, 0x00000006c9a00000, 0x00000006c9b00000|  0%| F|  |TS 20|AC  0|TAMS 0x00000006c9a00000, 0x00000006c9a00000|
| 141|0x00000006c9b00000, 0x00000006c9b00000, 0x00000006c9c00000|  0%| F|  |TS 20|AC  0|TAMS 0x00000006c9b00000, 0x00000006c9b00000|
| 142|0x00000006c9c00000, 0x00000006c9c00000, 0x00000006c9d00000|  0%| F|  |TS 20|AC  0|TAMS 0x00000006c9c00000, 0x00000006c9c00000|
| 143|0x00000006c9d00000, 0x00000006c9d00000, 0x00000006c9e00000|  0%| F|  |TS 20|AC  0|TAMS 0x00000006c9d00000, 0x00000006c9d00000|
| 144|0x00000006c9e00000, 0x00000006c9e00000, 0x00000006c9f00000|  0%| F|  |TS 20|AC  0|TAMS 0x00000006c9e00000, 0x00000006c9e00000|
| 145|0x00000006c9f00000, 0x00000006c9f00000, 0x00000006ca000000|  0%| F|  |TS 20|AC  0|TAMS 0x00000006c9f00000, 0x00000006c9f00000|
| 146|0x00000006ca000000, 0x00000006ca000000, 0x00000006ca100000|  0%| F|  |TS 20|AC  0|TAMS 0x00000006ca000000, 0x00000006ca000000|
| 147|0x00000006ca100000, 0x00000006ca101020, 0x00000006ca200000|  0%| E|CS|TS984|AC  0|TAMS 0x00000006ca100000, 0x00000006ca100000|
| 148|0x00000006ca200000, 0x00000006ca201020, 0x00000006ca300000|  0%| S|  |TS985|AC  0|TAMS 0x00000006ca200000, 0x00000006ca200000|
| 149|0x00000006ca300000, 0x00000006ca400000, 0x00000006ca400000|100%| E|CS|TS984|AC  0|TAMS 0x00000006ca300000, 0x00000006ca300000|
| 150|0x00000006ca400000, 0x00000006ca500000, 0x00000006ca500000|100%| E|CS|TS984|AC  0|TAMS 0x00000006ca400000, 0x00000006ca400000|
| 151|0x00000006ca500000, 0x00000006ca600000, 0x00000006ca600000|100%| E|CS|TS984|AC  0|TAMS 0x00000006ca500000, 0x00000006ca500000|
| 152|0x00000006ca600000, 0x00000006ca700000, 0x00000006ca700000|100%| E|CS|TS984|AC  0|TAMS 0x00000006ca600000, 0x00000006ca600000|
| 153|0x00000006ca700000, 0x00000006ca800000, 0x00000006ca800000|100%| E|CS|TS984|AC  0|TAMS 0x00000006ca700000, 0x00000006ca700000|
| 154|0x00000006ca800000, 0x00000006ca900000, 0x00000006ca900000|100%| E|CS|TS984|AC  0|TAMS 0x00000006ca800000, 0x00000006ca800000|
| 155|0x00000006ca900000, 0x00000006caa00000, 0x00000006caa00000|100%| E|CS|TS984|AC  0|TAMS 0x00000006ca900000, 0x00000006ca900000|
| 156|0x00000006caa00000, 0x00000006cab00000, 0x00000006cab00000|100%| E|CS|TS984|AC  0|TAMS 0x00000006caa00000, 0x00000006caa00000|
| 157|0x00000006cab00000, 0x00000006cac00000, 0x00000006cac00000|100%| E|CS|TS984|AC  0|TAMS 0x00000006cab00000, 0x00000006cab00000|
| 158|0x00000006cac00000, 0x00000006cad00000, 0x00000006cad00000|100%| E|CS|TS984|AC  0|TAMS 0x00000006cac00000, 0x00000006cac00000|
| 159|0x00000006cad00000, 0x00000006cae00000, 0x00000006cae00000|100%| E|CS|TS984|AC  0|TAMS 0x00000006cad00000, 0x00000006cad00000|
| 160|0x00000006cae00000, 0x00000006caf00000, 0x00000006caf00000|100%| E|CS|TS984|AC  0|TAMS 0x00000006cae00000, 0x00000006cae00000|
| 161|0x00000006caf00000, 0x00000006cb000000, 0x00000006cb000000|100%| E|CS|TS984|AC  0|TAMS 0x00000006caf00000, 0x00000006caf00000|
| 162|0x00000006cb000000, 0x00000006cb100000, 0x00000006cb100000|100%| E|CS|TS984|AC  0|TAMS 0x00000006cb000000, 0x00000006cb000000|
| 163|0x00000006cb100000, 0x00000006cb200000, 0x00000006cb200000|100%| E|CS|TS984|AC  0|TAMS 0x00000006cb100000, 0x00000006cb100000|
| 164|0x00000006cb200000, 0x00000006cb300000, 0x00000006cb300000|100%| E|CS|TS984|AC  0|TAMS 0x00000006cb200000, 0x00000006cb200000|
| 165|0x00000006cb300000, 0x00000006cb400000, 0x00000006cb400000|100%| E|CS|TS984|AC  0|TAMS 0x00000006cb300000, 0x00000006cb300000|
| 166|0x00000006cb400000, 0x00000006cb500000, 0x00000006cb500000|100%| E|CS|TS984|AC  0|TAMS 0x00000006cb400000, 0x00000006cb400000|
| 167|0x00000006cb500000, 0x00000006cb600000, 0x00000006cb600000|100%| E|CS|TS984|AC  0|TAMS 0x00000006cb500000, 0x00000006cb500000|
| 168|0x00000006cb600000, 0x00000006cb700000, 0x00000006cb700000|100%| E|CS|TS984|AC  0|TAMS 0x00000006cb600000, 0x00000006cb600000|
| 169|0x00000006cb700000, 0x00000006cb800000, 0x00000006cb800000|100%| E|CS|TS984|AC  0|TAMS 0x00000006cb700000, 0x00000006cb700000|
| 170|0x00000006cb800000, 0x00000006cb900000, 0x00000006cb900000|100%| E|CS|TS984|AC  0|TAMS 0x00000006cb800000, 0x00000006cb800000|
| 171|0x00000006cb900000, 0x00000006cba00000, 0x00000006cba00000|100%| E|CS|TS984|AC  0|TAMS 0x00000006cb900000, 0x00000006cb900000|
| 172|0x00000006cba00000, 0x00000006cbb00000, 0x00000006cbb00000|100%| E|CS|TS984|AC  0|TAMS 0x00000006cba00000, 0x00000006cba00000|
| 173|0x00000006cbb00000, 0x00000006cbc00000, 0x00000006cbc00000|100%| E|CS|TS984|AC  0|TAMS 0x00000006cbb00000, 0x00000006cbb00000|
| 174|0x00000006cbc00000, 0x00000006cbd00000, 0x00000006cbd00000|100%| E|CS|TS984|AC  0|TAMS 0x00000006cbc00000, 0x00000006cbc00000|
| 175|0x00000006cbd00000, 0x00000006cbe00000, 0x00000006cbe00000|100%| E|CS|TS984|AC  0|TAMS 0x00000006cbd00000, 0x00000006cbd00000|
| 176|0x00000006cbe00000, 0x00000006cbf00000, 0x00000006cbf00000|100%| E|CS|TS984|AC  0|TAMS 0x00000006cbe00000, 0x00000006cbe00000|
| 177|0x00000006cbf00000, 0x00000006cc000000, 0x00000006cc000000|100%| E|CS|TS984|AC  0|TAMS 0x00000006cbf00000, 0x00000006cbf00000|
| 178|0x00000006cc000000, 0x00000006cc100000, 0x00000006cc100000|100%| E|CS|TS984|AC  0|TAMS 0x00000006cc000000, 0x00000006cc000000|
| 179|0x00000006cc100000, 0x00000006cc200000, 0x00000006cc200000|100%| E|CS|TS984|AC  0|TAMS 0x00000006cc100000, 0x00000006cc100000|
| 180|0x00000006cc200000, 0x00000006cc300000, 0x00000006cc300000|100%| E|CS|TS984|AC  0|TAMS 0x00000006cc200000, 0x00000006cc200000|
| 181|0x00000006cc300000, 0x00000006cc400000, 0x00000006cc400000|100%| E|CS|TS984|AC  0|TAMS 0x00000006cc300000, 0x00000006cc300000|
| 182|0x00000006cc400000, 0x00000006cc500000, 0x00000006cc500000|100%| E|CS|TS984|AC  0|TAMS 0x00000006cc400000, 0x00000006cc400000|
| 183|0x00000006cc500000, 0x00000006cc600000, 0x00000006cc600000|100%| E|CS|TS984|AC  0|TAMS 0x00000006cc500000, 0x00000006cc500000|
| 184|0x00000006cc600000, 0x00000006cc700000, 0x00000006cc700000|100%| E|CS|TS984|AC  0|TAMS 0x00000006cc600000, 0x00000006cc600000|
| 185|0x00000006cc700000, 0x00000006cc800000, 0x00000006cc800000|100%| E|CS|TS984|AC  0|TAMS 0x00000006cc700000, 0x00000006cc700000|
| 186|0x00000006cc800000, 0x00000006cc900000, 0x00000006cc900000|100%| E|CS|TS984|AC  0|TAMS 0x00000006cc800000, 0x00000006cc800000|
| 187|0x00000006cc900000, 0x00000006cca00000, 0x00000006cca00000|100%| E|CS|TS984|AC  0|TAMS 0x00000006cc900000, 0x00000006cc900000|
| 188|0x00000006cca00000, 0x00000006ccb00000, 0x00000006ccb00000|100%| E|CS|TS984|AC  0|TAMS 0x00000006cca00000, 0x00000006cca00000|
| 189|0x00000006ccb00000, 0x00000006ccc00000, 0x00000006ccc00000|100%| E|CS|TS984|AC  0|TAMS 0x00000006ccb00000, 0x00000006ccb00000|
| 190|0x00000006ccc00000, 0x00000006ccd00000, 0x00000006ccd00000|100%| E|CS|TS984|AC  0|TAMS 0x00000006ccc00000, 0x00000006ccc00000|
| 191|0x00000006ccd00000, 0x00000006cce00000, 0x00000006cce00000|100%| E|CS|TS984|AC  0|TAMS 0x00000006ccd00000, 0x00000006ccd00000|
| 192|0x00000006cce00000, 0x00000006ccf00000, 0x00000006ccf00000|100%| E|CS|TS984|AC  0|TAMS 0x00000006cce00000, 0x00000006cce00000|
| 193|0x00000006ccf00000, 0x00000006cd000000, 0x00000006cd000000|100%| E|CS|TS984|AC  0|TAMS 0x00000006ccf00000, 0x00000006ccf00000|
| 194|0x00000006cd000000, 0x00000006cd100000, 0x00000006cd100000|100%| E|CS|TS984|AC  0|TAMS 0x00000006cd000000, 0x00000006cd000000|
| 195|0x00000006cd100000, 0x00000006cd200000, 0x00000006cd200000|100%| E|CS|TS984|AC  0|TAMS 0x00000006cd100000, 0x00000006cd100000|
| 196|0x00000006cd200000, 0x00000006cd300000, 0x00000006cd300000|100%| E|CS|TS984|AC  0|TAMS 0x00000006cd200000, 0x00000006cd200000|
| 197|0x00000006cd300000, 0x00000006cd400000, 0x00000006cd400000|100%| E|CS|TS984|AC  0|TAMS 0x00000006cd300000, 0x00000006cd300000|
| 198|0x00000006cd400000, 0x00000006cd500000, 0x00000006cd500000|100%| E|CS|TS984|AC  0|TAMS 0x00000006cd400000, 0x00000006cd400000|
| 199|0x00000006cd500000, 0x00000006cd600000, 0x00000006cd600000|100%| E|CS|TS984|AC  0|TAMS 0x00000006cd500000, 0x00000006cd500000|
| 200|0x00000006cd600000, 0x00000006cd700000, 0x00000006cd700000|100%| E|CS|TS984|AC  0|TAMS 0x00000006cd600000, 0x00000006cd600000|
| 201|0x00000006cd700000, 0x00000006cd800000, 0x00000006cd800000|100%| E|CS|TS984|AC  0|TAMS 0x00000006cd700000, 0x00000006cd700000|
| 202|0x00000006cd800000, 0x00000006cd900000, 0x00000006cd900000|100%| E|CS|TS984|AC  0|TAMS 0x00000006cd800000, 0x00000006cd800000|
| 203|0x00000006cd900000, 0x00000006cda00000, 0x00000006cda00000|100%| E|CS|TS984|AC  0|TAMS 0x00000006cd900000, 0x00000006cd900000|
| 204|0x00000006cda00000, 0x00000006cdb00000, 0x00000006cdb00000|100%| E|CS|TS984|AC  0|TAMS 0x00000006cda00000, 0x00000006cda00000|
| 205|0x00000006cdb00000, 0x00000006cdc00000, 0x00000006cdc00000|100%| E|CS|TS984|AC  0|TAMS 0x00000006cdb00000, 0x00000006cdb00000|
| 206|0x00000006cdc00000, 0x00000006cdd00000, 0x00000006cdd00000|100%| E|CS|TS984|AC  0|TAMS 0x00000006cdc00000, 0x00000006cdc00000|
| 207|0x00000006cdd00000, 0x00000006cde00000, 0x00000006cde00000|100%| E|CS|TS984|AC  0|TAMS 0x00000006cdd00000, 0x00000006cdd00000|
| 208|0x00000006cde00000, 0x00000006cdf00000, 0x00000006cdf00000|100%| E|CS|TS984|AC  0|TAMS 0x00000006cde00000, 0x00000006cde00000|
| 209|0x00000006cdf00000, 0x00000006ce000000, 0x00000006ce000000|100%| E|CS|TS984|AC  0|TAMS 0x00000006cdf00000, 0x00000006cdf00000|
| 210|0x00000006ce000000, 0x00000006ce100000, 0x00000006ce100000|100%| E|CS|TS984|AC  0|TAMS 0x00000006ce000000, 0x00000006ce000000|
| 211|0x00000006ce100000, 0x00000006ce200000, 0x00000006ce200000|100%| E|CS|TS984|AC  0|TAMS 0x00000006ce100000, 0x00000006ce100000|
| 212|0x00000006ce200000, 0x00000006ce300000, 0x00000006ce300000|100%| E|CS|TS984|AC  0|TAMS 0x00000006ce200000, 0x00000006ce200000|
| 213|0x00000006ce300000, 0x00000006ce400000, 0x00000006ce400000|100%| E|CS|TS984|AC  0|TAMS 0x00000006ce300000, 0x00000006ce300000|
| 214|0x00000006ce400000, 0x00000006ce500000, 0x00000006ce500000|100%| E|CS|TS984|AC  0|TAMS 0x00000006ce400000, 0x00000006ce400000|
| 215|0x00000006ce500000, 0x00000006ce600000, 0x00000006ce600000|100%| E|CS|TS984|AC  0|TAMS 0x00000006ce500000, 0x00000006ce500000|
| 216|0x00000006ce600000, 0x00000006ce700000, 0x00000006ce700000|100%| E|CS|TS984|AC  0|TAMS 0x00000006ce600000, 0x00000006ce600000|
| 217|0x00000006ce700000, 0x00000006ce800000, 0x00000006ce800000|100%| E|CS|TS984|AC  0|TAMS 0x00000006ce700000, 0x00000006ce700000|
| 218|0x00000006ce800000, 0x00000006ce900000, 0x00000006ce900000|100%| E|CS|TS984|AC  0|TAMS 0x00000006ce800000, 0x00000006ce800000|
| 219|0x00000006ce900000, 0x00000006cea00000, 0x00000006cea00000|100%| E|CS|TS984|AC  0|TAMS 0x00000006ce900000, 0x00000006ce900000|
| 220|0x00000006cea00000, 0x00000006ceb00000, 0x00000006ceb00000|100%| E|CS|TS984|AC  0|TAMS 0x00000006cea00000, 0x00000006cea00000|
| 221|0x00000006ceb00000, 0x00000006cec00000, 0x00000006cec00000|100%| E|CS|TS984|AC  0|TAMS 0x00000006ceb00000, 0x00000006ceb00000|
| 222|0x00000006cec00000, 0x00000006ced00000, 0x00000006ced00000|100%| E|CS|TS984|AC  0|TAMS 0x00000006cec00000, 0x00000006cec00000|
| 223|0x00000006ced00000, 0x00000006cee00000, 0x00000006cee00000|100%| E|CS|TS984|AC  0|TAMS 0x00000006ced00000, 0x00000006ced00000|
| 224|0x00000006cee00000, 0x00000006cef00000, 0x00000006cef00000|100%| E|CS|TS984|AC  0|TAMS 0x00000006cee00000, 0x00000006cee00000|
| 225|0x00000006cef00000, 0x00000006cf000000, 0x00000006cf000000|100%| E|CS|TS984|AC  0|TAMS 0x00000006cef00000, 0x00000006cef00000|
| 226|0x00000006cf000000, 0x00000006cf100000, 0x00000006cf100000|100%| E|CS|TS984|AC  0|TAMS 0x00000006cf000000, 0x00000006cf000000|
| 227|0x00000006cf100000, 0x00000006cf200000, 0x00000006cf200000|100%| E|CS|TS984|AC  0|TAMS 0x00000006cf100000, 0x00000006cf100000|
| 228|0x00000006cf200000, 0x00000006cf300000, 0x00000006cf300000|100%| E|CS|TS984|AC  0|TAMS 0x00000006cf200000, 0x00000006cf200000|
| 229|0x00000006cf300000, 0x00000006cf400000, 0x00000006cf400000|100%| E|CS|TS984|AC  0|TAMS 0x00000006cf300000, 0x00000006cf300000|
| 230|0x00000006cf400000, 0x00000006cf500000, 0x00000006cf500000|100%| E|CS|TS984|AC  0|TAMS 0x00000006cf400000, 0x00000006cf400000|
| 231|0x00000006cf500000, 0x00000006cf600000, 0x00000006cf600000|100%| E|CS|TS984|AC  0|TAMS 0x00000006cf500000, 0x00000006cf500000|
| 232|0x00000006cf600000, 0x00000006cf700000, 0x00000006cf700000|100%| E|CS|TS984|AC  0|TAMS 0x00000006cf600000, 0x00000006cf600000|
| 233|0x00000006cf700000, 0x00000006cf800000, 0x00000006cf800000|100%| E|CS|TS984|AC  0|TAMS 0x00000006cf700000, 0x00000006cf700000|
| 234|0x00000006cf800000, 0x00000006cf900000, 0x00000006cf900000|100%| E|CS|TS984|AC  0|TAMS 0x00000006cf800000, 0x00000006cf800000|
| 235|0x00000006cf900000, 0x00000006cfa00000, 0x00000006cfa00000|100%| E|CS|TS984|AC  0|TAMS 0x00000006cf900000, 0x00000006cf900000|
| 236|0x00000006cfa00000, 0x00000006cfb00000, 0x00000006cfb00000|100%| E|CS|TS984|AC  0|TAMS 0x00000006cfa00000, 0x00000006cfa00000|
| 237|0x00000006cfb00000, 0x00000006cfc00000, 0x00000006cfc00000|100%| E|CS|TS984|AC  0|TAMS 0x00000006cfb00000, 0x00000006cfb00000|
| 238|0x00000006cfc00000, 0x00000006cfd00000, 0x00000006cfd00000|100%| E|CS|TS984|AC  0|TAMS 0x00000006cfc00000, 0x00000006cfc00000|
| 239|0x00000006cfd00000, 0x00000006cfe00000, 0x00000006cfe00000|100%| E|CS|TS984|AC  0|TAMS 0x00000006cfd00000, 0x00000006cfd00000|
| 240|0x00000006cfe00000, 0x00000006cff00000, 0x00000006cff00000|100%| E|CS|TS984|AC  0|TAMS 0x00000006cfe00000, 0x00000006cfe00000|
| 241|0x00000006cff00000, 0x00000006d0000000, 0x00000006d0000000|100%| E|CS|TS984|AC  0|TAMS 0x00000006cff00000, 0x00000006cff00000|
| 242|0x00000006d0000000, 0x00000006d0100000, 0x00000006d0100000|100%| E|CS|TS984|AC  0|TAMS 0x00000006d0000000, 0x00000006d0000000|
| 243|0x00000006d0100000, 0x00000006d0200000, 0x00000006d0200000|100%| E|CS|TS984|AC  0|TAMS 0x00000006d0100000, 0x00000006d0100000|
| 244|0x00000006d0200000, 0x00000006d0300000, 0x00000006d0300000|100%| E|CS|TS984|AC  0|TAMS 0x00000006d0200000, 0x00000006d0200000|
| 245|0x00000006d0300000, 0x00000006d0400000, 0x00000006d0400000|100%| E|CS|TS984|AC  0|TAMS 0x00000006d0300000, 0x00000006d0300000|
| 246|0x00000006d0400000, 0x00000006d0500000, 0x00000006d0500000|100%| E|CS|TS984|AC  0|TAMS 0x00000006d0400000, 0x00000006d0400000|
| 247|0x00000006d0500000, 0x00000006d0600000, 0x00000006d0600000|100%| E|CS|TS984|AC  0|TAMS 0x00000006d0500000, 0x00000006d0500000|
| 248|0x00000006d0600000, 0x00000006d0700000, 0x00000006d0700000|100%| E|CS|TS984|AC  0|TAMS 0x00000006d0600000, 0x00000006d0600000|
| 249|0x00000006d0700000, 0x00000006d0800000, 0x00000006d0800000|100%| E|CS|TS984|AC  0|TAMS 0x00000006d0700000, 0x00000006d0700000|
| 250|0x00000006d0800000, 0x00000006d0900000, 0x00000006d0900000|100%| E|CS|TS984|AC  0|TAMS 0x00000006d0800000, 0x00000006d0800000|
| 251|0x00000006d0900000, 0x00000006d0a00000, 0x00000006d0a00000|100%| E|CS|TS984|AC  0|TAMS 0x00000006d0900000, 0x00000006d0900000|
| 252|0x00000006d0a00000, 0x00000006d0b00000, 0x00000006d0b00000|100%| E|CS|TS984|AC  0|TAMS 0x00000006d0a00000, 0x00000006d0a00000|
| 253|0x00000006d0b00000, 0x00000006d0c00000, 0x00000006d0c00000|100%| E|CS|TS984|AC  0|TAMS 0x00000006d0b00000, 0x00000006d0b00000|
| 254|0x00000006d0c00000, 0x00000006d0d00000, 0x00000006d0d00000|100%| E|CS|TS984|AC  0|TAMS 0x00000006d0c00000, 0x00000006d0c00000|
| 255|0x00000006d0d00000, 0x00000006d0e00000, 0x00000006d0e00000|100%| E|CS|TS984|AC  0|TAMS 0x00000006d0d00000, 0x00000006d0d00000|
| 256|0x00000006d0e00000, 0x00000006d0f00000, 0x00000006d0f00000|100%| E|CS|TS984|AC  0|TAMS 0x00000006d0e00000, 0x00000006d0e00000|
| 257|0x00000006d0f00000, 0x00000006d1000000, 0x00000006d1000000|100%| E|CS|TS984|AC  0|TAMS 0x00000006d0f00000, 0x00000006d0f00000|
| 258|0x00000006d1000000, 0x00000006d1100000, 0x00000006d1100000|100%| E|CS|TS984|AC  0|TAMS 0x00000006d1000000, 0x00000006d1000000|
| 259|0x00000006d1100000, 0x00000006d1200000, 0x00000006d1200000|100%| E|CS|TS984|AC  0|TAMS 0x00000006d1100000, 0x00000006d1100000|
| 260|0x00000006d1200000, 0x00000006d1300000, 0x00000006d1300000|100%| E|CS|TS984|AC  0|TAMS 0x00000006d1200000, 0x00000006d1200000|
| 261|0x00000006d1300000, 0x00000006d1400000, 0x00000006d1400000|100%| E|CS|TS984|AC  0|TAMS 0x00000006d1300000, 0x00000006d1300000|
| 262|0x00000006d1400000, 0x00000006d1500000, 0x00000006d1500000|100%| E|CS|TS984|AC  0|TAMS 0x00000006d1400000, 0x00000006d1400000|
| 263|0x00000006d1500000, 0x00000006d1600000, 0x00000006d1600000|100%| E|CS|TS984|AC  0|TAMS 0x00000006d1500000, 0x00000006d1500000|
| 264|0x00000006d1600000, 0x00000006d1700000, 0x00000006d1700000|100%| E|CS|TS984|AC  0|TAMS 0x00000006d1600000, 0x00000006d1600000|
| 265|0x00000006d1700000, 0x00000006d1800000, 0x00000006d1800000|100%| E|CS|TS984|AC  0|TAMS 0x00000006d1700000, 0x00000006d1700000|
| 266|0x00000006d1800000, 0x00000006d1900000, 0x00000006d1900000|100%| E|CS|TS984|AC  0|TAMS 0x00000006d1800000, 0x00000006d1800000|
| 267|0x00000006d1900000, 0x00000006d1a00000, 0x00000006d1a00000|100%| E|CS|TS984|AC  0|TAMS 0x00000006d1900000, 0x00000006d1900000|
| 268|0x00000006d1a00000, 0x00000006d1b00000, 0x00000006d1b00000|100%| E|CS|TS984|AC  0|TAMS 0x00000006d1a00000, 0x00000006d1a00000|
| 269|0x00000006d1b00000, 0x00000006d1c00000, 0x00000006d1c00000|100%| E|CS|TS984|AC  0|TAMS 0x00000006d1b00000, 0x00000006d1b00000|
| 270|0x00000006d1c00000, 0x00000006d1d00000, 0x00000006d1d00000|100%| E|CS|TS984|AC  0|TAMS 0x00000006d1c00000, 0x00000006d1c00000|
| 271|0x00000006d1d00000, 0x00000006d1e00000, 0x00000006d1e00000|100%| E|CS|TS984|AC  0|TAMS 0x00000006d1d00000, 0x00000006d1d00000|
| 272|0x00000006d1e00000, 0x00000006d1f00000, 0x00000006d1f00000|100%| E|CS|TS984|AC  0|TAMS 0x00000006d1e00000, 0x00000006d1e00000|
| 273|0x00000006d1f00000, 0x00000006d2000000, 0x00000006d2000000|100%| E|CS|TS984|AC  0|TAMS 0x00000006d1f00000, 0x00000006d1f00000|
| 274|0x00000006d2000000, 0x00000006d2100000, 0x00000006d2100000|100%| E|CS|TS984|AC  0|TAMS 0x00000006d2000000, 0x00000006d2000000|
| 275|0x00000006d2100000, 0x00000006d2200000, 0x00000006d2200000|100%| E|CS|TS984|AC  0|TAMS 0x00000006d2100000, 0x00000006d2100000|
| 276|0x00000006d2200000, 0x00000006d2300000, 0x00000006d2300000|100%| E|CS|TS984|AC  0|TAMS 0x00000006d2200000, 0x00000006d2200000|
| 277|0x00000006d2300000, 0x00000006d2400000, 0x00000006d2400000|100%| E|CS|TS984|AC  0|TAMS 0x00000006d2300000, 0x00000006d2300000|
| 278|0x00000006d2400000, 0x00000006d2500000, 0x00000006d2500000|100%| E|CS|TS984|AC  0|TAMS 0x00000006d2400000, 0x00000006d2400000|
| 279|0x00000006d2500000, 0x00000006d2600000, 0x00000006d2600000|100%| E|CS|TS984|AC  0|TAMS 0x00000006d2500000, 0x00000006d2500000|
| 280|0x00000006d2600000, 0x00000006d2700000, 0x00000006d2700000|100%| E|CS|TS984|AC  0|TAMS 0x00000006d2600000, 0x00000006d2600000|
| 281|0x00000006d2700000, 0x00000006d2800000, 0x00000006d2800000|100%| E|CS|TS984|AC  0|TAMS 0x00000006d2700000, 0x00000006d2700000|
| 282|0x00000006d2800000, 0x00000006d2900000, 0x00000006d2900000|100%| E|CS|TS984|AC  0|TAMS 0x00000006d2800000, 0x00000006d2800000|
| 283|0x00000006d2900000, 0x00000006d2a00000, 0x00000006d2a00000|100%| E|CS|TS984|AC  0|TAMS 0x00000006d2900000, 0x00000006d2900000|
| 284|0x00000006d2a00000, 0x00000006d2b00000, 0x00000006d2b00000|100%| E|CS|TS984|AC  0|TAMS 0x00000006d2a00000, 0x00000006d2a00000|
| 285|0x00000006d2b00000, 0x00000006d2c00000, 0x00000006d2c00000|100%| E|CS|TS984|AC  0|TAMS 0x00000006d2b00000, 0x00000006d2b00000|
| 286|0x00000006d2c00000, 0x00000006d2d00000, 0x00000006d2d00000|100%| E|CS|TS984|AC  0|TAMS 0x00000006d2c00000, 0x00000006d2c00000|
| 287|0x00000006d2d00000, 0x00000006d2e00000, 0x00000006d2e00000|100%| E|CS|TS984|AC  0|TAMS 0x00000006d2d00000, 0x00000006d2d00000|
| 288|0x00000006d2e00000, 0x00000006d2f00000, 0x00000006d2f00000|100%| E|CS|TS984|AC  0|TAMS 0x00000006d2e00000, 0x00000006d2e00000|
| 289|0x00000006d2f00000, 0x00000006d3000000, 0x00000006d3000000|100%| E|CS|TS984|AC  0|TAMS 0x00000006d2f00000, 0x00000006d2f00000|
| 290|0x00000006d3000000, 0x00000006d3100000, 0x00000006d3100000|100%| E|CS|TS984|AC  0|TAMS 0x00000006d3000000, 0x00000006d3000000|
| 291|0x00000006d3100000, 0x00000006d3200000, 0x00000006d3200000|100%| E|CS|TS984|AC  0|TAMS 0x00000006d3100000, 0x00000006d3100000|
| 292|0x00000006d3200000, 0x00000006d3300000, 0x00000006d3300000|100%| E|CS|TS984|AC  0|TAMS 0x00000006d3200000, 0x00000006d3200000|
| 293|0x00000006d3300000, 0x00000006d3400000, 0x00000006d3400000|100%| E|CS|TS984|AC  0|TAMS 0x00000006d3300000, 0x00000006d3300000|
| 294|0x00000006d3400000, 0x00000006d3500000, 0x00000006d3500000|100%| E|CS|TS984|AC  0|TAMS 0x00000006d3400000, 0x00000006d3400000|
| 295|0x00000006d3500000, 0x00000006d3600000, 0x00000006d3600000|100%| E|CS|TS984|AC  0|TAMS 0x00000006d3500000, 0x00000006d3500000|
| 296|0x00000006d3600000, 0x00000006d3700000, 0x00000006d3700000|100%| E|CS|TS984|AC  0|TAMS 0x00000006d3600000, 0x00000006d3600000|
| 297|0x00000006d3700000, 0x00000006d3800000, 0x00000006d3800000|100%| E|CS|TS984|AC  0|TAMS 0x00000006d3700000, 0x00000006d3700000|
| 298|0x00000006d3800000, 0x00000006d3900000, 0x00000006d3900000|100%| E|CS|TS984|AC  0|TAMS 0x00000006d3800000, 0x00000006d3800000|
| 299|0x00000006d3900000, 0x00000006d3a00000, 0x00000006d3a00000|100%| E|CS|TS984|AC  0|TAMS 0x00000006d3900000, 0x00000006d3900000|
| 300|0x00000006d3a00000, 0x00000006d3b00000, 0x00000006d3b00000|100%| E|CS|TS984|AC  0|TAMS 0x00000006d3a00000, 0x00000006d3a00000|
| 301|0x00000006d3b00000, 0x00000006d3c00000, 0x00000006d3c00000|100%| E|CS|TS984|AC  0|TAMS 0x00000006d3b00000, 0x00000006d3b00000|
| 302|0x00000006d3c00000, 0x00000006d3d00000, 0x00000006d3d00000|100%| E|CS|TS984|AC  0|TAMS 0x00000006d3c00000, 0x00000006d3c00000|
| 303|0x00000006d3d00000, 0x00000006d3e00000, 0x00000006d3e00000|100%| E|CS|TS984|AC  0|TAMS 0x00000006d3d00000, 0x00000006d3d00000|
| 304|0x00000006d3e00000, 0x00000006d3f00000, 0x00000006d3f00000|100%| E|CS|TS984|AC  0|TAMS 0x00000006d3e00000, 0x00000006d3e00000|
| 305|0x00000006d3f00000, 0x00000006d4000000, 0x00000006d4000000|100%| E|CS|TS984|AC  0|TAMS 0x00000006d3f00000, 0x00000006d3f00000|
| 306|0x00000006d4000000, 0x00000006d4100000, 0x00000006d4100000|100%| E|CS|TS984|AC  0|TAMS 0x00000006d4000000, 0x00000006d4000000|
| 307|0x00000006d4100000, 0x00000006d4200000, 0x00000006d4200000|100%| E|CS|TS984|AC  0|TAMS 0x00000006d4100000, 0x00000006d4100000|
| 308|0x00000006d4200000, 0x00000006d4300000, 0x00000006d4300000|100%| E|CS|TS984|AC  0|TAMS 0x00000006d4200000, 0x00000006d4200000|
| 309|0x00000006d4300000, 0x00000006d4400000, 0x00000006d4400000|100%| E|CS|TS984|AC  0|TAMS 0x00000006d4300000, 0x00000006d4300000|
| 310|0x00000006d4400000, 0x00000006d4500000, 0x00000006d4500000|100%| E|CS|TS984|AC  0|TAMS 0x00000006d4400000, 0x00000006d4400000|
| 311|0x00000006d4500000, 0x00000006d4600000, 0x00000006d4600000|100%| E|CS|TS984|AC  0|TAMS 0x00000006d4500000, 0x00000006d4500000|
| 312|0x00000006d4600000, 0x00000006d4700000, 0x00000006d4700000|100%| E|CS|TS984|AC  0|TAMS 0x00000006d4600000, 0x00000006d4600000|
| 313|0x00000006d4700000, 0x00000006d4800000, 0x00000006d4800000|100%| E|CS|TS984|AC  0|TAMS 0x00000006d4700000, 0x00000006d4700000|
| 314|0x00000006d4800000, 0x00000006d4900000, 0x00000006d4900000|100%| E|CS|TS984|AC  0|TAMS 0x00000006d4800000, 0x00000006d4800000|
| 315|0x00000006d4900000, 0x00000006d4a00000, 0x00000006d4a00000|100%| E|CS|TS984|AC  0|TAMS 0x00000006d4900000, 0x00000006d4900000|
| 316|0x00000006d4a00000, 0x00000006d4b00000, 0x00000006d4b00000|100%| E|CS|TS984|AC  0|TAMS 0x00000006d4a00000, 0x00000006d4a00000|
| 317|0x00000006d4b00000, 0x00000006d4c00000, 0x00000006d4c00000|100%| E|CS|TS984|AC  0|TAMS 0x00000006d4b00000, 0x00000006d4b00000|
| 318|0x00000006d4c00000, 0x00000006d4d00000, 0x00000006d4d00000|100%| E|CS|TS984|AC  0|TAMS 0x00000006d4c00000, 0x00000006d4c00000|
| 319|0x00000006d4d00000, 0x00000006d4e00000, 0x00000006d4e00000|100%| E|CS|TS984|AC  0|TAMS 0x00000006d4d00000, 0x00000006d4d00000|
| 320|0x00000006d4e00000, 0x00000006d4f00000, 0x00000006d4f00000|100%| E|CS|TS984|AC  0|TAMS 0x00000006d4e00000, 0x00000006d4e00000|
| 321|0x00000006d4f00000, 0x00000006d5000000, 0x00000006d5000000|100%| E|CS|TS984|AC  0|TAMS 0x00000006d4f00000, 0x00000006d4f00000|
| 322|0x00000006d5000000, 0x00000006d5100000, 0x00000006d5100000|100%| E|CS|TS984|AC  0|TAMS 0x00000006d5000000, 0x00000006d5000000|
| 323|0x00000006d5100000, 0x00000006d5200000, 0x00000006d5200000|100%| E|CS|TS984|AC  0|TAMS 0x00000006d5100000, 0x00000006d5100000|
| 324|0x00000006d5200000, 0x00000006d5300000, 0x00000006d5300000|100%| E|CS|TS984|AC  0|TAMS 0x00000006d5200000, 0x00000006d5200000|
| 325|0x00000006d5300000, 0x00000006d5400000, 0x00000006d5400000|100%| E|CS|TS984|AC  0|TAMS 0x00000006d5300000, 0x00000006d5300000|
| 326|0x00000006d5400000, 0x00000006d5500000, 0x00000006d5500000|100%| E|CS|TS984|AC  0|TAMS 0x00000006d5400000, 0x00000006d5400000|
| 327|0x00000006d5500000, 0x00000006d5600000, 0x00000006d5600000|100%| E|CS|TS984|AC  0|TAMS 0x00000006d5500000, 0x00000006d5500000|
| 328|0x00000006d5600000, 0x00000006d5700000, 0x00000006d5700000|100%| E|CS|TS984|AC  0|TAMS 0x00000006d5600000, 0x00000006d5600000|
| 329|0x00000006d5700000, 0x00000006d5800000, 0x00000006d5800000|100%| E|CS|TS984|AC  0|TAMS 0x00000006d5700000, 0x00000006d5700000|
| 330|0x00000006d5800000, 0x00000006d5900000, 0x00000006d5900000|100%| E|CS|TS984|AC  0|TAMS 0x00000006d5800000, 0x00000006d5800000|
| 331|0x00000006d5900000, 0x00000006d5a00000, 0x00000006d5a00000|100%| E|CS|TS984|AC  0|TAMS 0x00000006d5900000, 0x00000006d5900000|
| 332|0x00000006d5a00000, 0x00000006d5b00000, 0x00000006d5b00000|100%| E|CS|TS984|AC  0|TAMS 0x00000006d5a00000, 0x00000006d5a00000|
| 333|0x00000006d5b00000, 0x00000006d5c00000, 0x00000006d5c00000|100%| E|CS|TS984|AC  0|TAMS 0x00000006d5b00000, 0x00000006d5b00000|
| 334|0x00000006d5c00000, 0x00000006d5d00000, 0x00000006d5d00000|100%| E|CS|TS984|AC  0|TAMS 0x00000006d5c00000, 0x00000006d5c00000|
| 335|0x00000006d5d00000, 0x00000006d5e00000, 0x00000006d5e00000|100%| E|CS|TS984|AC  0|TAMS 0x00000006d5d00000, 0x00000006d5d00000|
| 336|0x00000006d5e00000, 0x00000006d5f00000, 0x00000006d5f00000|100%| E|CS|TS984|AC  0|TAMS 0x00000006d5e00000, 0x00000006d5e00000|
| 337|0x00000006d5f00000, 0x00000006d6000000, 0x00000006d6000000|100%| E|CS|TS984|AC  0|TAMS 0x00000006d5f00000, 0x00000006d5f00000|
| 338|0x00000006d6000000, 0x00000006d6100000, 0x00000006d6100000|100%| E|CS|TS984|AC  0|TAMS 0x00000006d6000000, 0x00000006d6000000|
| 339|0x00000006d6100000, 0x00000006d6200000, 0x00000006d6200000|100%| E|CS|TS984|AC  0|TAMS 0x00000006d6100000, 0x00000006d6100000|
| 340|0x00000006d6200000, 0x00000006d6300000, 0x00000006d6300000|100%| E|CS|TS984|AC  0|TAMS 0x00000006d6200000, 0x00000006d6200000|
| 341|0x00000006d6300000, 0x00000006d6400000, 0x00000006d6400000|100%| E|CS|TS984|AC  0|TAMS 0x00000006d6300000, 0x00000006d6300000|
| 342|0x00000006d6400000, 0x00000006d6500000, 0x00000006d6500000|100%| E|CS|TS984|AC  0|TAMS 0x00000006d6400000, 0x00000006d6400000|
| 343|0x00000006d6500000, 0x00000006d6600000, 0x00000006d6600000|100%| E|CS|TS984|AC  0|TAMS 0x00000006d6500000, 0x00000006d6500000|
| 344|0x00000006d6600000, 0x00000006d6700000, 0x00000006d6700000|100%| E|CS|TS984|AC  0|TAMS 0x00000006d6600000, 0x00000006d6600000|
| 345|0x00000006d6700000, 0x00000006d6800000, 0x00000006d6800000|100%| E|CS|TS984|AC  0|TAMS 0x00000006d6700000, 0x00000006d6700000|
| 346|0x00000006d6800000, 0x00000006d6900000, 0x00000006d6900000|100%| E|CS|TS984|AC  0|TAMS 0x00000006d6800000, 0x00000006d6800000|
| 347|0x00000006d6900000, 0x00000006d6a00000, 0x00000006d6a00000|100%| E|CS|TS984|AC  0|TAMS 0x00000006d6900000, 0x00000006d6900000|
| 348|0x00000006d6a00000, 0x00000006d6b00000, 0x00000006d6b00000|100%| E|CS|TS984|AC  0|TAMS 0x00000006d6a00000, 0x00000006d6a00000|
| 349|0x00000006d6b00000, 0x00000006d6c00000, 0x00000006d6c00000|100%| E|CS|TS984|AC  0|TAMS 0x00000006d6b00000, 0x00000006d6b00000|
| 350|0x00000006d6c00000, 0x00000006d6d00000, 0x00000006d6d00000|100%| E|CS|TS984|AC  0|TAMS 0x00000006d6c00000, 0x00000006d6c00000|
| 351|0x00000006d6d00000, 0x00000006d6e00000, 0x00000006d6e00000|100%| E|CS|TS984|AC  0|TAMS 0x00000006d6d00000, 0x00000006d6d00000|
| 352|0x00000006d6e00000, 0x00000006d6f00000, 0x00000006d6f00000|100%| E|CS|TS984|AC  0|TAMS 0x00000006d6e00000, 0x00000006d6e00000|
| 353|0x00000006d6f00000, 0x00000006d7000000, 0x00000006d7000000|100%| E|CS|TS984|AC  0|TAMS 0x00000006d6f00000, 0x00000006d6f00000|
| 354|0x00000006d7000000, 0x00000006d7100000, 0x00000006d7100000|100%| E|CS|TS984|AC  0|TAMS 0x00000006d7000000, 0x00000006d7000000|
| 355|0x00000006d7100000, 0x00000006d7200000, 0x00000006d7200000|100%| E|CS|TS984|AC  0|TAMS 0x00000006d7100000, 0x00000006d7100000|
| 356|0x00000006d7200000, 0x00000006d7300000, 0x00000006d7300000|100%| E|CS|TS984|AC  0|TAMS 0x00000006d7200000, 0x00000006d7200000|
| 357|0x00000006d7300000, 0x00000006d7400000, 0x00000006d7400000|100%| E|CS|TS984|AC  0|TAMS 0x00000006d7300000, 0x00000006d7300000|
| 358|0x00000006d7400000, 0x00000006d7500000, 0x00000006d7500000|100%| E|CS|TS984|AC  0|TAMS 0x00000006d7400000, 0x00000006d7400000|
| 359|0x00000006d7500000, 0x00000006d7600000, 0x00000006d7600000|100%| E|CS|TS984|AC  0|TAMS 0x00000006d7500000, 0x00000006d7500000|
| 360|0x00000006d7600000, 0x00000006d7700000, 0x00000006d7700000|100%| E|CS|TS984|AC  0|TAMS 0x00000006d7600000, 0x00000006d7600000|
| 361|0x00000006d7700000, 0x00000006d7800000, 0x00000006d7800000|100%| E|CS|TS984|AC  0|TAMS 0x00000006d7700000, 0x00000006d7700000|
| 362|0x00000006d7800000, 0x00000006d7900000, 0x00000006d7900000|100%| E|CS|TS984|AC  0|TAMS 0x00000006d7800000, 0x00000006d7800000|
| 363|0x00000006d7900000, 0x00000006d7a00000, 0x00000006d7a00000|100%| E|CS|TS984|AC  0|TAMS 0x00000006d7900000, 0x00000006d7900000|
| 364|0x00000006d7a00000, 0x00000006d7b00000, 0x00000006d7b00000|100%| E|CS|TS984|AC  0|TAMS 0x00000006d7a00000, 0x00000006d7a00000|
| 365|0x00000006d7b00000, 0x00000006d7c00000, 0x00000006d7c00000|100%| E|CS|TS984|AC  0|TAMS 0x00000006d7b00000, 0x00000006d7b00000|
| 366|0x00000006d7c00000, 0x00000006d7d00000, 0x00000006d7d00000|100%| E|CS|TS984|AC  0|TAMS 0x00000006d7c00000, 0x00000006d7c00000|
| 367|0x00000006d7d00000, 0x00000006d7e00000, 0x00000006d7e00000|100%| E|CS|TS984|AC  0|TAMS 0x00000006d7d00000, 0x00000006d7d00000|
| 368|0x00000006d7e00000, 0x00000006d7f00000, 0x00000006d7f00000|100%| E|CS|TS984|AC  0|TAMS 0x00000006d7e00000, 0x00000006d7e00000|
| 369|0x00000006d7f00000, 0x00000006d8000000, 0x00000006d8000000|100%| E|CS|TS984|AC  0|TAMS 0x00000006d7f00000, 0x00000006d7f00000|

Card table byte_map: [0x000002439edb0000,0x000002439f5b0000] byte_map_base: 0x000002439b7a9000

Marking Bits (Prev, Next): (CMBitMap*) 0x0000024384292c90, (CMBitMap*) 0x0000024384292cc8
 Prev Bits: [0x000002439fdb0000, 0x00000243a3d78000)
 Next Bits: [0x00000243a3d80000, 0x00000243a7d48000)

Polling page: 0x0000024382120000

CodeHeap 'non-profiled nmethods': size=120064Kb used=1084Kb max_used=1084Kb free=118979Kb
 bounds [0x0000024397070000, 0x00000243972e0000, 0x000002439e5b0000]
CodeHeap 'profiled nmethods': size=120000Kb used=4418Kb max_used=4418Kb free=115581Kb
 bounds [0x000002438fb40000, 0x000002438ffa0000, 0x0000024397070000]
CodeHeap 'non-nmethods': size=5696Kb used=1208Kb max_used=1286Kb free=4487Kb
 bounds [0x000002438f5b0000, 0x000002438f820000, 0x000002438fb40000]
 total_blobs=2883 nmethods=1916 adapters=365
 compilation: enabled

Compilation events (10 events):
Event: 3.107 Thread 0x00000243aaca6800 nmethod 1881 0x0000024397152510 code [0x00000243971526c0, 0x0000024397152c58]
Event: 3.107 Thread 0x00000243aaca6800 1877       4       com.arunwizz.crawlersystem.application.ds.matrix.Matrix::getElement (82 bytes)
Event: 3.110 Thread 0x00000243aaca6800 nmethod 1877 0x0000024397153010 code [0x00000243971531c0, 0x00000243971535b8]
Event: 3.110 Thread 0x00000243aaca6800 1885  s    4       java.lang.StringBuffer::append (13 bytes)
Event: 3.116 Thread 0x00000243aaca6800 nmethod 1885 0x0000024397153890 code [0x0000024397153a60, 0x0000024397154488]
Event: 3.135 Thread 0x00000243aaca6800 1916 %     4       com.arunwizz.crawlersystem.application.ds.tree.TreeUtil::partialTreeAlignment @ 43 (155 bytes)
Event: 3.354 Thread 0x00000243aaca9000 nmethod 1883 0x0000024397154910 code [0x0000024397154f00, 0x0000024397163948]
Event: 3.372 Thread 0x00000243aaca6800 nmethod 1916% 0x0000024397168810 code [0x0000024397168de0, 0x0000024397179550]
Event: 3.373 Thread 0x00000243aaca9000 1917       4       com.arunwizz.crawlersystem.application.ds.tree.TreeUtil::partialTreeAlignment (155 bytes)
Event: 3.389 Thread 0x00000243aaca9000 nmethod 1917 0x000002439717d610 code [0x000002439717d860, 0x000002439717e7a0]

GC Heap History (10 events):
Event: 101.647 GC heap after
{Heap after GC invocations=980 (full 0):
 garbage-first heap   total 378880K, used 6127K [0x00000006c0e00000, 0x00000007c0000000)
  region size 1024K, 1 young (1024K), 1 survivors (1024K)
 Metaspace       used 17369K, capacity 17632K, committed 17920K, reserved 1064960K
  class space    used 1611K, capacity 1748K, committed 1792K, reserved 1048576K
}
Event: 101.750 GC heap before
{Heap before GC invocations=980 (full 0):
 garbage-first heap   total 378880K, used 232431K [0x00000006c0e00000, 0x00000007c0000000)
  region size 1024K, 222 young (227328K), 1 survivors (1024K)
 Metaspace       used 17369K, capacity 17632K, committed 17920K, reserved 1064960K
  class space    used 1611K, capacity 1748K, committed 1792K, reserved 1048576K
}
Event: 101.751 GC heap after
{Heap after GC invocations=981 (full 0):
 garbage-first heap   total 378880K, used 6127K [0x00000006c0e00000, 0x00000007c0000000)
  region size 1024K, 1 young (1024K), 1 survivors (1024K)
 Metaspace       used 17369K, capacity 17632K, committed 17920K, reserved 1064960K
  class space    used 1611K, capacity 1748K, committed 1792K, reserved 1048576K
}
Event: 101.849 GC heap before
{Heap before GC invocations=981 (full 0):
 garbage-first heap   total 378880K, used 232431K [0x00000006c0e00000, 0x00000007c0000000)
  region size 1024K, 222 young (227328K), 1 survivors (1024K)
 Metaspace       used 17369K, capacity 17632K, committed 17920K, reserved 1064960K
  class space    used 1611K, capacity 1748K, committed 1792K, reserved 1048576K
}
Event: 101.849 GC heap after
{Heap after GC invocations=982 (full 0):
 garbage-first heap   total 378880K, used 6127K [0x00000006c0e00000, 0x00000007c0000000)
  region size 1024K, 1 young (1024K), 1 survivors (1024K)
 Metaspace       used 17369K, capacity 17632K, committed 17920K, reserved 1064960K
  class space    used 1611K, capacity 1748K, committed 1792K, reserved 1048576K
}
Event: 101.947 GC heap before
{Heap before GC invocations=982 (full 0):
 garbage-first heap   total 378880K, used 232431K [0x00000006c0e00000, 0x00000007c0000000)
  region size 1024K, 222 young (227328K), 1 survivors (1024K)
 Metaspace       used 17369K, capacity 17632K, committed 17920K, reserved 1064960K
  class space    used 1611K, capacity 1748K, committed 1792K, reserved 1048576K
}
Event: 101.948 GC heap after
{Heap after GC invocations=983 (full 0):
 garbage-first heap   total 378880K, used 6125K [0x00000006c0e00000, 0x00000007c0000000)
  region size 1024K, 1 young (1024K), 1 survivors (1024K)
 Metaspace       used 17369K, capacity 17632K, committed 17920K, reserved 1064960K
  class space    used 1611K, capacity 1748K, committed 1792K, reserved 1048576K
}
Event: 102.060 GC heap before
{Heap before GC invocations=983 (full 0):
 garbage-first heap   total 378880K, used 232429K [0x00000006c0e00000, 0x00000007c0000000)
  region size 1024K, 222 young (227328K), 1 survivors (1024K)
 Metaspace       used 17369K, capacity 17632K, committed 17920K, reserved 1064960K
  class space    used 1611K, capacity 1748K, committed 1792K, reserved 1048576K
}
Event: 102.061 GC heap after
{Heap after GC invocations=984 (full 0):
 garbage-first heap   total 378880K, used 6123K [0x00000006c0e00000, 0x00000007c0000000)
  region size 1024K, 1 young (1024K), 1 survivors (1024K)
 Metaspace       used 17369K, capacity 17632K, committed 17920K, reserved 1064960K
  class space    used 1611K, capacity 1748K, committed 1792K, reserved 1048576K
}
Event: 102.196 GC heap before
{Heap before GC invocations=984 (full 0):
 garbage-first heap   total 378880K, used 232427K [0x00000006c0e00000, 0x00000007c0000000)
  region size 1024K, 222 young (227328K), 1 survivors (1024K)
 Metaspace       used 17392K, capacity 17632K, committed 17920K, reserved 1064960K
  class space    used 1612K, capacity 1748K, committed 1792K, reserved 1048576K
}

Deoptimization events (10 events):
Event: 2.693 Thread 0x000002438422a000 Uncommon trap: reason=bimorphic_or_optimized_type_check action=maybe_recompile pc=0x00000243970d1a0c method=java.util.regex.Pattern$SliceI.match(Ljava/util/regex/Matcher;ILjava/lang/CharSequence;)Z @ 92 c2
Event: 2.693 Thread 0x000002438422a000 Uncommon trap: reason=bimorphic_or_optimized_type_check action=maybe_recompile pc=0x0000024397110804 method=java.util.regex.Pattern$BmpCharPredicate.lambda$union$2(Ljava/util/regex/Pattern$CharPredicate;I)Z @ 2 c2
Event: 2.693 Thread 0x000002438422a000 Uncommon trap: reason=bimorphic_or_optimized_type_check action=maybe_recompile pc=0x0000024397110804 method=java.util.regex.Pattern$BmpCharPredicate.lambda$union$2(Ljava/util/regex/Pattern$CharPredicate;I)Z @ 2 c2
Event: 2.693 Thread 0x000002438422a000 Uncommon trap: reason=bimorphic_or_optimized_type_check action=maybe_recompile pc=0x0000024397110804 method=java.util.regex.Pattern$BmpCharPredicate.lambda$union$2(Ljava/util/regex/Pattern$CharPredicate;I)Z @ 2 c2
Event: 2.693 Thread 0x000002438422a000 Uncommon trap: reason=bimorphic_or_optimized_type_check action=maybe_recompile pc=0x0000024397110804 method=java.util.regex.Pattern$BmpCharPredicate.lambda$union$2(Ljava/util/regex/Pattern$CharPredicate;I)Z @ 2 c2
Event: 2.693 Thread 0x000002438422a000 Uncommon trap: reason=bimorphic_or_optimized_type_check action=maybe_recompile pc=0x00000243970fd2b8 method=java.util.regex.Pattern$BmpCharPredicate.lambda$union$2(Ljava/util/regex/Pattern$CharPredicate;I)Z @ 2 c2
Event: 2.693 Thread 0x000002438422a000 Uncommon trap: reason=unstable_if action=reinterpret pc=0x000002439710a680 method=java.util.regex.Pattern.clazz(Z)Ljava/util/regex/Pattern$CharPredicate; @ 335 c2
Event: 2.693 Thread 0x000002438422a000 Uncommon trap: reason=class_check action=maybe_recompile pc=0x00000243970db264 method=org.jsoup.parser.CharacterReader.bufferUp()V @ 21 c2
Event: 2.724 Thread 0x000002438422a000 Uncommon trap: reason=class_check action=maybe_recompile pc=0x000002439710cb60 method=com.sun.org.apache.xerces.internal.dom.CoreDocumentImpl.isKidOK(Lorg/w3c/dom/Node;Lorg/w3c/dom/Node;)Z @ 39 c2
Event: 2.806 Thread 0x000002438422a000 Uncommon trap: reason=unstable_if action=reinterpret pc=0x00000243971293dc method=com.arunwizz.crawlersystem.application.ds.tree.TreeUtil.xlevenshteinDistance(Ljava/lang/String;Ljava/lang/String;)I @ 184 c2

Classes redefined (4 events):
Event: 71.087 Thread 0x00000243aac33800 redefined class name=com.arunwizz.crawlersystem.application.HTMLPageCrawler, count=1
Event: 83.917 Thread 0x00000243aac33800 redefined class name=com.arunwizz.crawlersystem.application.HTMLPageCrawler, count=2
Event: 86.721 Thread 0x00000243aac33800 redefined class name=com.arunwizz.crawlersystem.application.HTMLPageCrawler, count=3
Event: 102.105 Thread 0x00000243aac33800 redefined class name=com.arunwizz.crawlersystem.application.HTMLPageCrawler, count=4

Internal exceptions (10 events):
Event: 1.808 Thread 0x000002438422a000 Exception <a 'java/lang/NoSuchMethodError'{0x00000006d06bfe80}: java.lang.invoke.DirectMethodHandle$Holder.invokeStatic(Ljava/lang/Object;Ljava/lang/Object;Ljava/lang/Object;Ljava/lang/Object;Ljava/lang/Object;Ljava/lang/Object;Ljava/lang/Object;Ljava/lan
Event: 1.809 Thread 0x000002438422a000 Exception <a 'java/lang/NoSuchMethodError'{0x00000006d06cf840}: java.lang.invoke.DirectMethodHandle$Holder.invokeStatic(Ljava/lang/Object;Ljava/lang/Object;Ljava/lang/Object;Ljava/lang/Object;Ljava/lang/Object;Ljava/lang/Object;Ljava/lang/Object;Ljava/lan
Event: 1.810 Thread 0x000002438422a000 Exception <a 'java/lang/NoSuchMethodError'{0x00000006d06df348}: java.lang.invoke.DirectMethodHandle$Holder.invokeSpecial(Ljava/lang/Object;Ljava/lang/Object;IILjava/lang/Object;Ljava/lang/Object;Ljava/lang/Object;)Ljava/lang/Object;> (0x00000006d06df348) 
Event: 1.811 Thread 0x000002438422a000 Exception <a 'java/lang/NoSuchMethodError'{0x00000006d06e27b0}: java.lang.invoke.DelegatingMethodHandle$Holder.reinvoke_L(Ljava/lang/Object;IILjava/lang/Object;Ljava/lang/Object;Ljava/lang/Object;)Ljava/lang/Object;> (0x00000006d06e27b0) thrown at [t:/wor
Event: 1.811 Thread 0x000002438422a000 Exception <a 'java/lang/NoSuchMethodError'{0x00000006d06e6b18}: java.lang.invoke.DirectMethodHandle$Holder.invokeStatic(Ljava/lang/Object;Ljava/lang/Object;Ljava/lang/Object;Ljava/lang/Object;I)Ljava/lang/Object;> (0x00000006d06e6b18) thrown at [t:/worksp
Event: 1.813 Thread 0x000002438422a000 Exception <a 'java/lang/NoSuchMethodError'{0x00000006d06fc780}: method resolution failed> (0x00000006d06fc780) thrown at [t:/workspace/open/src/hotspot/share/prims/methodHandles.cpp, line 1226]
Event: 1.814 Thread 0x000002438422a000 Exception <a 'java/lang/NoSuchMethodError'{0x00000006d05132e8}: method resolution failed> (0x00000006d05132e8) thrown at [t:/workspace/open/src/hotspot/share/prims/methodHandles.cpp, line 1226]
Event: 1.815 Thread 0x000002438422a000 Exception <a 'java/lang/NoSuchMethodError'{0x00000006d052b2d8}: method resolution failed> (0x00000006d052b2d8) thrown at [t:/workspace/open/src/hotspot/share/prims/methodHandles.cpp, line 1226]
Event: 1.817 Thread 0x000002438422a000 Exception <a 'java/lang/NoSuchMethodError'{0x00000006d05449f8}: method resolution failed> (0x00000006d05449f8) thrown at [t:/workspace/open/src/hotspot/share/prims/methodHandles.cpp, line 1226]
Event: 2.693 Thread 0x000002438422a000 Implicit null exception at 0x00000243971094a4 to 0x000002439710a652

Events (10 events):
Event: 101.948 Executing VM operation: G1IncCollectionPause done
Event: 102.060 Executing VM operation: G1IncCollectionPause
Event: 102.061 Executing VM operation: G1IncCollectionPause done
Event: 102.096 Executing VM operation: RedefineClasses
Event: 102.107 Executing VM operation: RedefineClasses done
Event: 102.112 Executing VM operation: ChangeBreakpoints
Event: 102.113 Executing VM operation: ChangeBreakpoints done
Event: 102.115 Executing VM operation: ChangeBreakpoints
Event: 102.116 Executing VM operation: ChangeBreakpoints done
Event: 102.196 Executing VM operation: G1IncCollectionPause


Dynamic libraries:
0x00007ff753b70000 - 0x00007ff753bae000 	C:\Program Files\Java\jdk-10.0.2\bin\java.exe
0x00007ffb06b80000 - 0x00007ffb06d61000 	C:\WINDOWS\SYSTEM32\ntdll.dll
0x00007ffaed780000 - 0x00007ffaed7b4000 	C:\Program Files\AVAST Software\Avast\x64\aswhooka.dll
0x00007ffb04340000 - 0x00007ffb043f2000 	C:\WINDOWS\System32\KERNEL32.DLL
0x00007ffb03050000 - 0x00007ffb032c3000 	C:\WINDOWS\System32\KERNELBASE.dll
0x00007ffb04690000 - 0x00007ffb04731000 	C:\WINDOWS\System32\ADVAPI32.dll
0x00007ffb06ab0000 - 0x00007ffb06b4e000 	C:\WINDOWS\System32\msvcrt.dll
0x00007ffb067e0000 - 0x00007ffb0683b000 	C:\WINDOWS\System32\sechost.dll
0x00007ffb048e0000 - 0x00007ffb04a04000 	C:\WINDOWS\System32\RPCRT4.dll
0x00007ffb04bb0000 - 0x00007ffb04d40000 	C:\WINDOWS\System32\USER32.dll
0x00007ffb03a60000 - 0x00007ffb03a80000 	C:\WINDOWS\System32\win32u.dll
0x00007ffb047c0000 - 0x00007ffb047e8000 	C:\WINDOWS\System32\GDI32.dll
0x00007ffb03d70000 - 0x00007ffb03f02000 	C:\WINDOWS\System32\gdi32full.dll
0x00007ffb02fb0000 - 0x00007ffb0304f000 	C:\WINDOWS\System32\msvcp_win.dll
0x00007ffb03f10000 - 0x00007ffb0400a000 	C:\WINDOWS\System32\ucrtbase.dll
0x00007ffaf39d0000 - 0x00007ffaf3c39000 	C:\WINDOWS\WinSxS\amd64_microsoft.windows.common-controls_6595b64144ccf1df_6.0.17134.228_none_fb4599993062b194\COMCTL32.dll
0x00007ffb04010000 - 0x00007ffb04333000 	C:\WINDOWS\System32\combase.dll
0x00007ffb039e0000 - 0x00007ffb03a5a000 	C:\WINDOWS\System32\bcryptPrimitives.dll
0x00007ffb01ce0000 - 0x00007ffb01cea000 	C:\WINDOWS\SYSTEM32\VERSION.dll
0x00007ffb04a10000 - 0x00007ffb04a3d000 	C:\WINDOWS\System32\IMM32.DLL
0x00007ffaddf10000 - 0x00007ffaddfff000 	C:\Program Files\Java\jdk-10.0.2\bin\msvcr120.dll
0x00007ffadba10000 - 0x00007ffadbab6000 	C:\Program Files\Java\jdk-10.0.2\bin\msvcp120.dll
0x0000000076d40000 - 0x00000000777b0000 	C:\Program Files\Java\jdk-10.0.2\bin\server\jvm.dll
0x00007ffb05290000 - 0x00007ffb05298000 	C:\WINDOWS\System32\PSAPI.DLL
0x00007ffaf33c0000 - 0x00007ffaf33c9000 	C:\WINDOWS\SYSTEM32\WSOCK32.dll
0x00007ffb068a0000 - 0x00007ffb0690c000 	C:\WINDOWS\System32\WS2_32.dll
0x00007ffaf83c0000 - 0x00007ffaf83e3000 	C:\WINDOWS\SYSTEM32\WINMM.dll
0x00007ffaf81b0000 - 0x00007ffaf81da000 	C:\WINDOWS\SYSTEM32\WINMMBASE.dll
0x00007ffb03c70000 - 0x00007ffb03cb9000 	C:\WINDOWS\System32\cfgmgr32.dll
0x00007ffaf2a30000 - 0x00007ffaf2a3f000 	C:\Program Files\Java\jdk-10.0.2\bin\verify.dll
0x00007ffafc630000 - 0x00007ffafc7f9000 	C:\WINDOWS\SYSTEM32\DBGHELP.DLL
0x00007ffafc600000 - 0x00007ffafc629000 	C:\WINDOWS\SYSTEM32\dbgcore.DLL
0x00007ffae3c00000 - 0x00007ffae3c27000 	C:\Program Files\Java\jdk-10.0.2\bin\java.dll
0x00007ffaed350000 - 0x00007ffaed386000 	C:\Program Files\Java\jdk-10.0.2\bin\jdwp.dll
0x00007ffaecdd0000 - 0x00007ffaecde6000 	C:\Program Files\Java\jdk-10.0.2\bin\zip.dll
0x00007ffaf2250000 - 0x00007ffaf225a000 	C:\Program Files\Java\jdk-10.0.2\bin\jimage.dll
0x00007ffb052a0000 - 0x00007ffb066e0000 	C:\WINDOWS\System32\SHELL32.dll
0x00007ffb04460000 - 0x00007ffb04509000 	C:\WINDOWS\System32\shcore.dll
0x00007ffb032d0000 - 0x00007ffb039dd000 	C:\WINDOWS\System32\windows.storage.dll
0x00007ffb06840000 - 0x00007ffb06891000 	C:\WINDOWS\System32\shlwapi.dll
0x00007ffb02eb0000 - 0x00007ffb02ec1000 	C:\WINDOWS\System32\kernel.appcore.dll
0x00007ffb02e90000 - 0x00007ffb02eaf000 	C:\WINDOWS\System32\profapi.dll
0x00007ffb02ed0000 - 0x00007ffb02f1c000 	C:\WINDOWS\System32\powrprof.dll
0x00007ffb02f40000 - 0x00007ffb02f4a000 	C:\WINDOWS\System32\FLTLIB.DLL
0x00007ffaf2990000 - 0x00007ffaf299a000 	C:\Program Files\Java\jdk-10.0.2\bin\dt_socket.dll
0x00007ffb026b0000 - 0x00007ffb02716000 	C:\WINDOWS\System32\mswsock.dll
0x00007ffb02470000 - 0x00007ffb0252e000 	C:\WINDOWS\SYSTEM32\DNSAPI.dll
0x00007ffb04d40000 - 0x00007ffb04d48000 	C:\WINDOWS\System32\NSI.dll
0x00007ffb02430000 - 0x00007ffb02468000 	C:\WINDOWS\SYSTEM32\IPHLPAPI.DLL
0x00007ffafc1e0000 - 0x00007ffafc252000 	C:\WINDOWS\System32\fwpuclnt.dll
0x00007ffb02990000 - 0x00007ffb029b5000 	C:\WINDOWS\SYSTEM32\bcrypt.dll
0x00007ffafba60000 - 0x00007ffafba6a000 	C:\Windows\System32\rasadhlp.dll
0x00007ffaec4b0000 - 0x00007ffaec4ca000 	C:\Program Files\Java\jdk-10.0.2\bin\net.dll
0x00007ffb00910000 - 0x00007ffb009ec000 	C:\WINDOWS\SYSTEM32\WINHTTP.dll
0x00007ffaebb90000 - 0x00007ffaebba1000 	C:\Program Files\Java\jdk-10.0.2\bin\nio.dll
0x00007ffae0b60000 - 0x00007ffae0b83000 	C:\Program Files\Java\jdk-10.0.2\bin\sunec.dll
0x00007ffb02870000 - 0x00007ffb02887000 	C:\WINDOWS\SYSTEM32\CRYPTSP.dll
0x00007ffb02290000 - 0x00007ffb022c3000 	C:\WINDOWS\system32\rsaenh.dll
0x00007ffb02d90000 - 0x00007ffb02db8000 	C:\WINDOWS\SYSTEM32\USERENV.dll
0x00007ffb02860000 - 0x00007ffb0286b000 	C:\WINDOWS\SYSTEM32\CRYPTBASE.dll
0x00007ffafc190000 - 0x00007ffafc1a6000 	C:\WINDOWS\SYSTEM32\dhcpcsvc6.DLL
0x00007ffafc170000 - 0x00007ffafc18a000 	C:\WINDOWS\SYSTEM32\dhcpcsvc.DLL
0x00007ffaf1340000 - 0x00007ffaf134b000 	C:\Program Files\Java\jdk-10.0.2\bin\sunmscapi.dll
0x00007ffb03a80000 - 0x00007ffb03c62000 	C:\WINDOWS\System32\CRYPT32.dll
0x00007ffb02f20000 - 0x00007ffb02f32000 	C:\WINDOWS\System32\MSASN1.dll

dbghelp: loaded successfully - version: 4.0.5 - missing functions: none
symbol engine: initialized successfully - sym options: 0x614 - pdb path: .;C:\Program Files\Java\jdk-10.0.2\bin;C:\WINDOWS\SYSTEM32;C:\Program Files\AVAST Software\Avast\x64;C:\WINDOWS\WinSxS\amd64_microsoft.windows.common-controls_6595b64144ccf1df_6.0.17134.228_none_fb4599993062b194;C:\Program Files\Java\jdk-10.0.2\bin\server

VM Arguments:
jvm_args: -Xdebug -Xnoagent -Djava.compiler=NONE -Xrunjdwp:transport=dt_socket,address=localhost:64563,server=n,suspend=y -Dfile.encoding=UTF-8 
java_command: com.arunwizz.crawlersystem.application.HTMLPageCrawler
java_class_path (initial): C:\Users\pc\Documents\GitHub\crawler-system\target\classes;C:\Users\pc\Documents\GitHub\crawler-system\target\classes;C:\Users\pc\Documents\GitHub\crawler-system\target\test-classes;C:\Users\pc\Documents\GitHub\crawler-system\target\test-classes;C:\Users\pc\.m2\repository\junit\junit\4.10\junit-4.10.jar;C:\Users\pc\.m2\repository\org\hamcrest\hamcrest-core\1.1\hamcrest-core-1.1.jar;C:\Users\pc\.m2\repository\org\slf4j\slf4j-api\1.6.4\slf4j-api-1.6.4.jar;C:\Users\pc\.m2\repository\org\slf4j\slf4j-log4j12\1.6.4\slf4j-log4j12-1.6.4.jar;C:\Users\pc\.m2\repository\log4j\log4j\1.2.16\log4j-1.2.16.jar;C:\Users\pc\.m2\repository\org\apache\httpcomponents\httpcore\4.2\httpcore-4.2.jar;C:\Users\pc\.m2\repository\org\apache\httpcomponents\httpcore-nio\4.2\httpcore-nio-4.2.jar;C:\Users\pc\.m2\repository\org\apache\httpcomponents\httpclient\4.1.3\httpclient-4.1.3.jar;C:\Users\pc\.m2\repository\commons-logging\commons-logging\1.1.1\commons-logging-1.1.1.jar;C:\Users\pc\.m2\repository\commons-codec\commons-codec\1.6\commons-codec-1.6.jar;C:\Users\pc\.m2\repository\net\sf\json-lib\json-lib\2.4\json-lib-2.4-jdk15.jar;C:\Users\pc\.m2\repository\commons-beanutils\commons-beanutils\1.8.0\commons-beanutils-1.8.0.jar;C:\Users\pc\.m2\repository\commons-collections\commons-collections\3.2.1\commons-collections-3.2.1.jar;C:\Users\pc\.m2\repository\commons-lang\commons-lang\2.5\commons-lang-2.5.jar;C:\Users\pc\.m2\repository\net\sf\ezmorph\ezmorph\1.0.6\ezmorph-1.0.6.jar;C:\Users\pc\.m2\repository\net\sourceforge\htmlcleaner\htmlcleaner\2.2\htmlcleaner-2.2.jar;C:\Users\pc\.m2\repository\org\jdom\jdom\1.1\jdom-1.1.jar;C:\Users\pc\.m2\repository\org\apache\ant\ant\1.7.0\ant-1.7.0.jar;C:\Users\pc\.m2\repository\org\apache\ant\ant-launcher\1.7.0\ant-launcher-1.7.0.jar;C:\Users\pc\.m2\repository\org\jsoup\jsoup\1.11.3\jsoup-1.11.3.jar;C:\Users\pc\.m2\repository\com\google\code\gson\gson\2.8.5\gson-2.8.5.jar
Launcher Type: SUN_STANDARD

Logging:
Log output configuration:
#0: stdout all=warning uptime,level,tags
#1: stderr all=off uptime,level,tags

Environment Variables:
PATH=C:\Program Files (x86)\Common Files\Oracle\Java\javapath;C:\Program Files\NVIDIA GPU Computing Toolkit\CUDA\v9.0\bin;C:\Program Files\NVIDIA GPU Computing Toolkit\CUDA\v9.0\libnvvp;C:\Program Files (x86)\Intel\iCLS Client\;C:\Program Files\Intel\iCLS Client\;C:\Windows\system32;C:\Windows;C:\Windows\System32\Wbem;C:\Windows\System32\WindowsPowerShell\v1.0\;C:\Program Files (x86)\Intel\Intel(R) Management Engine Components\DAL;C:\Program Files\Intel\Intel(R) Management Engine Components\DAL;C:\Program Files (x86)\Intel\Intel(R) Management Engine Components\IPT;C:\Program Files\Intel\Intel(R) Management Engine Components\IPT;C:\Program Files (x86)\NVIDIA Corporation\PhysX\Common;C:\Users\pc\.dnx\bin;C:\Program Files\Microsoft DNX\Dnvm\;C:\Program Files\Microsoft SQL Server\120\Tools\Binn\;C:\Program Files\nodejs\;C:\Program Files\Git\cmd;C:\WINDOWS\system32;C:\WINDOWS;C:\WINDOWS\System32\Wbem;C:\WINDOWS\System32\WindowsPowerShell\v1.0\;C:\WINDOWS\System32\OpenSSH\;C:\users\pc\appdata\local\programs\python\python36\Scripts;C:\Users\pc\AppData\Roaming\Python\Python36\Scripts;C:\Users\pc\Documents\GitHub\icycleweb\node_modules\.bin;C:\Program Files\Microsoft VS Code\bin;C:\Program Files\Java\jdk-10.0.2\bin;C:\Program Files\dotnet\;C:\Users\pc\AppData\Local\Android\Sdk;C:\Program Files\Microsoft SQL Server\130\Tools\Binn\;C:\Users\pc\AppData\Local\Programs\Python\Python36\Scripts\;C:\Users\pc\AppData\Local\Programs\Python\Python36\;C:\Users\pc\AppData\Local\Microsoft\WindowsApps;C:\Users\pc\AppData\Roaming\npm;C:\Program Files\Microsoft VS Code\bin;C:\Program Files\Heroku\bin;
USERNAME=pc
OS=Windows_NT
PROCESSOR_IDENTIFIER=Intel64 Family 6 Model 158 Stepping 9, GenuineIntel



---------------  S Y S T E M  ---------------

OS: Windows 10 , 64 bit Build 17134 (10.0.17134.1)

CPU:total 4 (initial active 4) (4 cores per cpu, 1 threads per core) family 6 model 158 stepping 9, cmov, cx8, fxsr, mmx, sse, sse2, sse3, ssse3, sse4.1, sse4.2, popcnt, avx, avx2, aes, clmul, erms, 3dnowpref, lzcnt, tsc, tscinvbit, bmi1, bmi2, adx, fma

Memory: 4k page, physical 16713472k(9872144k free), swap 66414500k(26230468k free)

vm_info: Java HotSpot(TM) 64-Bit Server VM (10.0.2+13) for windows-amd64 JRE (10.0.2+13), built on Jun 28 2018 01:57:56 by "mach5one" with MS VC++ 12.0 (VS2013)

END.
