#
# There is insufficient memory for the Java Runtime Environment to continue.
# Native memory allocation (malloc) failed to allocate 47376 bytes for Chunk::new
# Possible reasons:
#   The system is out of physical RAM or swap space
#   In 32 bit mode, the process size limit was hit
# Possible solutions:
#   Reduce memory load on the system
#   Increase physical memory or swap space
#   Check if swap backing store is full
#   Use 64 bit Java on a 64 bit OS
#   Decrease Java heap size (-Xmx/-Xms)
#   Decrease number of Java threads
#   Decrease Java thread stack sizes (-Xss)
#   Set larger code cache with -XX:ReservedCodeCacheSize=
# This output file may be truncated or incomplete.
#
#  Out of Memory Error (allocation.cpp:390), pid=42428, tid=0x000000000000939c
#
# JRE version: Java(TM) SE Runtime Environment (8.0_152-b16) (build 1.8.0_152-b16)
# Java VM: Java HotSpot(TM) 64-Bit Server VM (25.152-b16 mixed mode windows-amd64 compressed oops)
# Failed to write core dump. Minidumps are not enabled by default on client versions of Windows
#

---------------  T H R E A D  ---------------

Current thread (0x000000001d65a800):  JavaThread "C2 CompilerThread0" daemon [_thread_in_native, id=37788, stack(0x000000001da30000,0x000000001db30000)]

Stack: [0x000000001da30000,0x000000001db30000]
[error occurred during error reporting (printing stack bounds), id 0xc0000005]

Native frames: (J=compiled Java code, j=interpreted, Vv=VM code, C=native code)


Current CompileTask:
C2:   3091 1056  s    4       sun.misc.URLClassPath::getNextLoader (88 bytes)


---------------  P R O C E S S  ---------------

Java Threads: ( => current thread )
  0x000000001d71a000 JavaThread "Service Thread" daemon [_thread_blocked, id=36516, stack(0x000000001dd30000,0x000000001de30000)]
  0x000000001d666000 JavaThread "C1 CompilerThread2" daemon [_thread_blocked, id=25756, stack(0x000000001dc30000,0x000000001dd30000)]
  0x000000001d65d000 JavaThread "C2 CompilerThread1" daemon [_thread_in_native, id=8764, stack(0x000000001db30000,0x000000001dc30000)]
=>0x000000001d65a800 JavaThread "C2 CompilerThread0" daemon [_thread_in_native, id=37788, stack(0x000000001da30000,0x000000001db30000)]
  0x000000001d64f800 JavaThread "Monitor Ctrl-Break" daemon [_thread_in_native, id=9176, stack(0x000000001d930000,0x000000001da30000)]
  0x000000001becf000 JavaThread "Attach Listener" daemon [_thread_blocked, id=59188, stack(0x000000001d430000,0x000000001d530000)]
  0x000000000287e800 JavaThread "Signal Dispatcher" daemon [_thread_blocked, id=58984, stack(0x000000001d330000,0x000000001d430000)]
  0x000000001beba800 JavaThread "Finalizer" daemon [_thread_blocked, id=17952, stack(0x000000001d140000,0x000000001d240000)]
  0x000000001be99000 JavaThread "Reference Handler" daemon [_thread_blocked, id=63876, stack(0x000000001d040000,0x000000001d140000)]
  0x0000000002784000 JavaThread "main" [_thread_in_vm, id=64768, stack(0x00000000023d0000,0x00000000024d0000)]

Other Threads:
  0x000000001be97000 VMThread [stack: 0x000000001cf40000,0x000000001d040000] [id=25156]
  0x000000001d760800 WatcherThread [stack: 0x000000001de30000,0x000000001df30000] [id=8756]

VM state:not at safepoint (normal execution)

VM Mutex/Monitor currently owned by a thread: None

Heap:
 PSYoungGen      total 76288K, used 36935K [0x000000076af80000, 0x0000000770480000, 0x00000007c0000000)
  eden space 65536K, 56% used [0x000000076af80000,0x000000076d391e38,0x000000076ef80000)
  from space 10752K, 0% used [0x000000076fa00000,0x000000076fa00000,0x0000000770480000)
  to   space 10752K, 0% used [0x000000076ef80000,0x000000076ef80000,0x000000076fa00000)
 ParOldGen       total 175104K, used 0K [0x00000006c0e00000, 0x00000006cb900000, 0x000000076af80000)
  object space 175104K, 0% used [0x00000006c0e00000,0x00000006c0e00000,0x00000006cb900000)
 Metaspace       used 11135K, capacity 11358K, committed 11648K, reserved 1060864K
  class space    used 1262K, capacity 1323K, committed 1408K, reserved 1048576K

Card table byte_map: [0x0000000011c40000,0x0000000012440000] byte_map_base: 0x000000000e639000

Marking Bits: (ParMarkBitMap*) 0x00000000570e0860
 Begin Bits: [0x0000000012da0000, 0x0000000016d68000)
 End Bits:   [0x0000000016d68000, 0x000000001ad30000)

Polling page: 0x0000000000af0000

CodeCache: size=245760Kb used=3983Kb max_used=3999Kb free=241776Kb
 bounds [0x0000000002880000, 0x0000000002c70000, 0x0000000011880000]
 total_blobs=1420 nmethods=1061 adapters=272
 compilation: enabled

Compilation events (10 events):
Event: 3.074 Thread 0x000000001d666000 1061       3       org.jsoup.parser.Tokeniser::transition (6 bytes)
Event: 3.074 Thread 0x000000001d666000 nmethod 1061 0x0000000002c3eb10 code [0x0000000002c3ec60, 0x0000000002c3edd0]
Event: 3.074 Thread 0x000000001d666000 1058       1       java.lang.AbstractStringBuilder::length (5 bytes)
Event: 3.074 Thread 0x000000001d666000 nmethod 1058 0x0000000002c53b50 code [0x0000000002c53ca0, 0x0000000002c53db0]
Event: 3.074 Thread 0x000000001d666000 1062       3       java.lang.StringBuilder::length (5 bytes)
Event: 3.075 Thread 0x000000001d666000 nmethod 1062 0x0000000002c5a690 code [0x0000000002c5a7e0, 0x0000000002c5a950]
Event: 3.082 Thread 0x000000001d666000 1063       3       java.util.Properties::getProperty (46 bytes)
Event: 3.082 Thread 0x000000001d666000 nmethod 1063 0x0000000002c59ed0 code [0x0000000002c5a060, 0x0000000002c5a578]
Event: 3.086 Thread 0x000000001d65d000 nmethod 1040 0x0000000002c66490 code [0x0000000002c667e0, 0x0000000002c682e0]
Event: 3.086 Thread 0x000000001d65d000 1055   !   4       java.util.zip.ZipFile::getEntry (101 bytes)

GC Heap History (0 events):
No events

Deoptimization events (10 events):
Event: 0.572 Thread 0x0000000002784000 Uncommon trap: reason=unstable_if action=reinterpret pc=0x0000000002a5549c method=java.lang.CharacterDataLatin1.digit(II)I @ 82
Event: 0.577 Thread 0x0000000002784000 Uncommon trap: reason=unstable_if action=reinterpret pc=0x0000000002a29c84 method=java.lang.String.indexOf([CII[CIII)I @ 134
Event: 0.676 Thread 0x0000000002784000 Uncommon trap: reason=null_check action=make_not_entrant pc=0x0000000002986b3c method=java.lang.String.equals(Ljava/lang/Object;)Z @ 8
Event: 0.893 Thread 0x0000000002784000 Uncommon trap: reason=unstable_if action=reinterpret pc=0x0000000002a574d4 method=java.lang.CharacterDataLatin1.digit(II)I @ 82
Event: 1.424 Thread 0x0000000002784000 Uncommon trap: reason=unstable_if action=reinterpret pc=0x0000000002b397a8 method=java.io.ByteArrayInputStream.read([BII)I @ 70
Event: 1.430 Thread 0x0000000002784000 Uncommon trap: reason=unstable_if action=reinterpret pc=0x0000000002b77d04 method=java.util.Arrays.equals([B[B)Z @ 41
Event: 3.023 Thread 0x0000000002784000 Uncommon trap: reason=unstable_if action=reinterpret pc=0x0000000002bc5dc8 method=java.util.regex.Matcher.reset()Ljava/util/regex/Matcher; @ 47
Event: 3.024 Thread 0x0000000002784000 Uncommon trap: reason=class_check action=maybe_recompile pc=0x0000000002ba8bd8 method=java.util.regex.Matcher.search(I)Z @ 86
Event: 3.073 Thread 0x0000000002784000 Uncommon trap: reason=unstable_if action=reinterpret pc=0x0000000002c578a4 method=org.jsoup.parser.CharacterReader.consumeToAny([C)Ljava/lang/String; @ 92
Event: 3.074 Thread 0x0000000002784000 Uncommon trap: reason=class_check action=maybe_recompile pc=0x0000000002c33e64 method=org.jsoup.parser.CharacterReader.bufferUp()V @ 21

Classes redefined (0 events):
No events

Internal exceptions (10 events):
Event: 0.244 Thread 0x0000000002784000 Exception <a 'java/lang/ClassNotFoundException': java/lang/ObjectBeanInfo> (0x000000076b62b250) thrown at [C:\re\workspace\8-2-build-windows-amd64-cygwin\jdk8u152\9742\hotspot\src\share\vm\classfile\systemDictionary.cpp, line 210]
Event: 0.245 Thread 0x0000000002784000 Exception <a 'java/lang/ClassNotFoundException': java/lang/ObjectCustomizer> (0x000000076b62f5d8) thrown at [C:\re\workspace\8-2-build-windows-amd64-cygwin\jdk8u152\9742\hotspot\src\share\vm\classfile\systemDictionary.cpp, line 210]
Event: 0.246 Thread 0x0000000002784000 Exception <a 'java/lang/ArrayIndexOutOfBoundsException': 18> (0x000000076b63fc68) thrown at [C:\re\workspace\8-2-build-windows-amd64-cygwin\jdk8u152\9742\hotspot\src\share\vm\interpreter\interpreterRuntime.cpp, line 366]
Event: 0.247 Thread 0x0000000002784000 Exception <a 'java/lang/ArrayIndexOutOfBoundsException': 22> (0x000000076b647920) thrown at [C:\re\workspace\8-2-build-windows-amd64-cygwin\jdk8u152\9742\hotspot\src\share\vm\interpreter\interpreterRuntime.cpp, line 366]
Event: 0.248 Thread 0x0000000002784000 Exception <a 'java/lang/ArrayIndexOutOfBoundsException': 160> (0x000000076b64ee10) thrown at [C:\re\workspace\8-2-build-windows-amd64-cygwin\jdk8u152\9742\hotspot\src\share\vm\interpreter\interpreterRuntime.cpp, line 366]
Event: 0.251 Thread 0x0000000002784000 Exception <a 'java/lang/ClassNotFoundException': org/apache/log4j/LayoutCustomizer> (0x000000076b66ae70) thrown at [C:\re\workspace\8-2-build-windows-amd64-cygwin\jdk8u152\9742\hotspot\src\share\vm\classfile\systemDictionary.cpp, line 210]
Event: 0.252 Thread 0x0000000002784000 Exception <a 'java/lang/ClassNotFoundException': org/apache/log4j/PatternLayoutCustomizer> (0x000000076b6863d0) thrown at [C:\re\workspace\8-2-build-windows-amd64-cygwin\jdk8u152\9742\hotspot\src\share\vm\classfile\systemDictionary.cpp, line 210]
Event: 0.611 Thread 0x0000000002784000 Exception <a 'java/lang/NoSuchFieldError': method resolution failed> (0x000000076bd7a6c8) thrown at [C:\re\workspace\8-2-build-windows-amd64-cygwin\jdk8u152\9742\hotspot\src\share\vm\prims\methodHandles.cpp, line 1167]
Event: 0.612 Thread 0x0000000002784000 Exception <a 'java/lang/NoSuchFieldError': method resolution failed> (0x000000076bd88a28) thrown at [C:\re\workspace\8-2-build-windows-amd64-cygwin\jdk8u152\9742\hotspot\src\share\vm\prims\methodHandles.cpp, line 1167]
Event: 0.676 Thread 0x0000000002784000 Implicit null exception at 0x0000000002986955 to 0x0000000002986b2d

Events (10 events):
Event: 3.088 loading class com/sun/org/apache/xerces/internal/impl/RevalidationHandler
Event: 3.088 loading class com/sun/org/apache/xerces/internal/impl/RevalidationHandler done
Event: 3.088 Executing VM operation: CollectForMetadataAllocation
Event: 3.089 Executing VM operation: CollectForMetadataAllocation done
Event: 3.089 loading class com/sun/org/apache/xerces/internal/impl/dtd/XMLDTDValidator done
Event: 3.089 loading class com/sun/org/apache/xerces/internal/impl/dtd/XMLNSDTDValidator done
Event: 3.089 loading class com/sun/org/apache/xerces/internal/impl/validation/ValidationState
Event: 3.089 loading class com/sun/org/apache/xerces/internal/impl/dv/ValidationContext
Event: 3.089 loading class com/sun/org/apache/xerces/internal/impl/dv/ValidationContext done
Event: 3.089 loading class com/sun/org/apache/xerces/internal/impl/validation/ValidationState done


Dynamic libraries:
0x00007ff7d4960000 - 0x00007ff7d4997000 	C:\Program Files\Java\jdk1.8.0_152\bin\java.exe
0x00007ffcc8d30000 - 0x00007ffcc8f11000 	C:\WINDOWS\SYSTEM32\ntdll.dll
0x00007ffcb0510000 - 0x00007ffcb0544000 	C:\Program Files\AVAST Software\Avast\x64\aswhooka.dll
0x00007ffcc6aa0000 - 0x00007ffcc6b52000 	C:\WINDOWS\System32\KERNEL32.DLL
0x00007ffcc5cf0000 - 0x00007ffcc5f63000 	C:\WINDOWS\System32\KERNELBASE.dll
0x00007ffcc8680000 - 0x00007ffcc8721000 	C:\WINDOWS\System32\ADVAPI32.dll
0x00007ffcc65d0000 - 0x00007ffcc666e000 	C:\WINDOWS\System32\msvcrt.dll
0x00007ffcc6a40000 - 0x00007ffcc6a9b000 	C:\WINDOWS\System32\sechost.dll
0x00007ffcc6390000 - 0x00007ffcc64b4000 	C:\WINDOWS\System32\RPCRT4.dll
0x00007ffcc6b60000 - 0x00007ffcc6cf0000 	C:\WINDOWS\System32\USER32.dll
0x00007ffcc5280000 - 0x00007ffcc52a0000 	C:\WINDOWS\System32\win32u.dll
0x00007ffcc6360000 - 0x00007ffcc6388000 	C:\WINDOWS\System32\GDI32.dll
0x00007ffcc5ab0000 - 0x00007ffcc5c42000 	C:\WINDOWS\System32\gdi32full.dll
0x00007ffcc5c50000 - 0x00007ffcc5cef000 	C:\WINDOWS\System32\msvcp_win.dll
0x00007ffcc5100000 - 0x00007ffcc51fa000 	C:\WINDOWS\System32\ucrtbase.dll
0x00007ffcb05f0000 - 0x00007ffcb0859000 	C:\WINDOWS\WinSxS\amd64_microsoft.windows.common-controls_6595b64144ccf1df_6.0.17134.167_none_fb4496d930639c5a\COMCTL32.dll
0x00007ffcc66a0000 - 0x00007ffcc69c3000 	C:\WINDOWS\System32\combase.dll
0x00007ffcc5200000 - 0x00007ffcc527a000 	C:\WINDOWS\System32\bcryptPrimitives.dll
0x00007ffcc6670000 - 0x00007ffcc669d000 	C:\WINDOWS\System32\IMM32.DLL
0x0000000057160000 - 0x0000000057232000 	C:\Program Files\Java\jdk1.8.0_152\jre\bin\msvcr100.dll
0x00000000568c0000 - 0x0000000057160000 	C:\Program Files\Java\jdk1.8.0_152\jre\bin\server\jvm.dll
0x00007ffcc6cf0000 - 0x00007ffcc6cf8000 	C:\WINDOWS\System32\PSAPI.DLL
0x00007ffcb77d0000 - 0x00007ffcb77d9000 	C:\WINDOWS\SYSTEM32\WSOCK32.dll
0x00007ffcc69d0000 - 0x00007ffcc6a3c000 	C:\WINDOWS\System32\WS2_32.dll
0x00007ffcc2f50000 - 0x00007ffcc2f73000 	C:\WINDOWS\SYSTEM32\WINMM.dll
0x00007ffcbead0000 - 0x00007ffcbeada000 	C:\WINDOWS\SYSTEM32\VERSION.dll
0x00007ffcc2f20000 - 0x00007ffcc2f4a000 	C:\WINDOWS\SYSTEM32\WINMMBASE.dll
0x00007ffcc59b0000 - 0x00007ffcc59f9000 	C:\WINDOWS\System32\cfgmgr32.dll
0x00000000568b0000 - 0x00000000568bf000 	C:\Program Files\Java\jdk1.8.0_152\jre\bin\verify.dll
0x0000000056880000 - 0x00000000568a9000 	C:\Program Files\Java\jdk1.8.0_152\jre\bin\java.dll
0x0000000056850000 - 0x0000000056873000 	C:\Program Files\Java\jdk1.8.0_152\jre\bin\instrument.dll
0x0000000056830000 - 0x0000000056846000 	C:\Program Files\Java\jdk1.8.0_152\jre\bin\zip.dll
0x00007ffcc6d00000 - 0x00007ffcc8140000 	C:\WINDOWS\System32\SHELL32.dll
0x00007ffcc85d0000 - 0x00007ffcc8679000 	C:\WINDOWS\System32\shcore.dll
0x00007ffcc52a0000 - 0x00007ffcc59ad000 	C:\WINDOWS\System32\windows.storage.dll
0x00007ffcc8510000 - 0x00007ffcc8561000 	C:\WINDOWS\System32\shlwapi.dll
0x00007ffcc5070000 - 0x00007ffcc5081000 	C:\WINDOWS\System32\kernel.appcore.dll
0x00007ffcc50e0000 - 0x00007ffcc50ff000 	C:\WINDOWS\System32\profapi.dll
0x00007ffcc5090000 - 0x00007ffcc50dc000 	C:\WINDOWS\System32\powrprof.dll
0x00007ffcc5040000 - 0x00007ffcc504a000 	C:\WINDOWS\System32\FLTLIB.DLL
0x00007ffcb8100000 - 0x00007ffcb811a000 	C:\Program Files\JetBrains\IntelliJ IDEA Community Edition 2018.2\bin\breakgen64.dll
0x00000000566f0000 - 0x000000005670a000 	C:\Program Files\Java\jdk1.8.0_152\jre\bin\net.dll
0x00007ffcc4860000 - 0x00007ffcc48c6000 	C:\WINDOWS\system32\mswsock.dll
0x00000000566c0000 - 0x00000000566e4000 	C:\Program Files\Java\jdk1.8.0_152\jre\bin\sunec.dll
0x00007ffcc45e0000 - 0x00007ffcc4618000 	C:\WINDOWS\SYSTEM32\IPHLPAPI.DLL
0x00007ffcc87d0000 - 0x00007ffcc87d8000 	C:\WINDOWS\System32\NSI.dll
0x00007ffcc00c0000 - 0x00007ffcc00d6000 	C:\WINDOWS\SYSTEM32\dhcpcsvc6.DLL
0x00007ffcc03d0000 - 0x00007ffcc03ea000 	C:\WINDOWS\SYSTEM32\dhcpcsvc.DLL
0x00000000566a0000 - 0x00000000566b1000 	C:\Program Files\Java\jdk1.8.0_152\jre\bin\nio.dll
0x00007ffcc4a10000 - 0x00007ffcc4a27000 	C:\WINDOWS\SYSTEM32\CRYPTSP.dll
0x00007ffcc4440000 - 0x00007ffcc4473000 	C:\WINDOWS\system32\rsaenh.dll
0x00007ffcc4b40000 - 0x00007ffcc4b65000 	C:\WINDOWS\SYSTEM32\bcrypt.dll
0x00007ffcc4f70000 - 0x00007ffcc4f98000 	C:\WINDOWS\SYSTEM32\USERENV.dll
0x00007ffcc4a30000 - 0x00007ffcc4a3b000 	C:\WINDOWS\SYSTEM32\CRYPTBASE.dll
0x0000000056820000 - 0x000000005682b000 	C:\Program Files\Java\jdk1.8.0_152\jre\bin\sunmscapi.dll
0x00007ffcc5f70000 - 0x00007ffcc6152000 	C:\WINDOWS\System32\CRYPT32.dll
0x00007ffcc5050000 - 0x00007ffcc5062000 	C:\WINDOWS\System32\MSASN1.dll
0x00007ffcc4620000 - 0x00007ffcc46de000 	C:\WINDOWS\SYSTEM32\DNSAPI.dll
0x00007ffcb79b0000 - 0x00007ffcb79ba000 	C:\Windows\System32\rasadhlp.dll
0x00007ffcb9730000 - 0x00007ffcb97a2000 	C:\WINDOWS\System32\fwpuclnt.dll

VM Arguments:
jvm_args: -javaagent:C:\Program Files\JetBrains\IntelliJ IDEA Community Edition 2018.2\lib\idea_rt.jar=52772:C:\Program Files\JetBrains\IntelliJ IDEA Community Edition 2018.2\bin -Dfile.encoding=UTF-8 
java_command: com.arunwizz.crawlersystem.application.HTMLPageCrawler
java_class_path (initial): C:\Program Files\Java\jdk1.8.0_152\jre\lib\charsets.jar;C:\Program Files\Java\jdk1.8.0_152\jre\lib\deploy.jar;C:\Program Files\Java\jdk1.8.0_152\jre\lib\ext\access-bridge-64.jar;C:\Program Files\Java\jdk1.8.0_152\jre\lib\ext\cldrdata.jar;C:\Program Files\Java\jdk1.8.0_152\jre\lib\ext\dnsns.jar;C:\Program Files\Java\jdk1.8.0_152\jre\lib\ext\jaccess.jar;C:\Program Files\Java\jdk1.8.0_152\jre\lib\ext\jfxrt.jar;C:\Program Files\Java\jdk1.8.0_152\jre\lib\ext\localedata.jar;C:\Program Files\Java\jdk1.8.0_152\jre\lib\ext\nashorn.jar;C:\Program Files\Java\jdk1.8.0_152\jre\lib\ext\sunec.jar;C:\Program Files\Java\jdk1.8.0_152\jre\lib\ext\sunjce_provider.jar;C:\Program Files\Java\jdk1.8.0_152\jre\lib\ext\sunmscapi.jar;C:\Program Files\Java\jdk1.8.0_152\jre\lib\ext\sunpkcs11.jar;C:\Program Files\Java\jdk1.8.0_152\jre\lib\ext\zipfs.jar;C:\Program Files\Java\jdk1.8.0_152\jre\lib\javaws.jar;C:\Program Files\Java\jdk1.8.0_152\jre\lib\jce.jar;C:\Program Files\Java\jdk1.8.0_152\jre\lib\jfr.jar;C:\Program Files\Java\jdk1.8.0_152\jre\lib\jfxswt.jar;C:\Program Files\Java\jdk1.8.0_152\jre\lib\jsse.jar;C:\Program Files\Java\jdk1.8.0_152\jre\lib\management-agent.jar;C:\Program Files\Java\jdk1.8.0_152\jre\lib\plugin.jar;C:\Program Files\Java\jdk1.8.0_152\jre\lib\resources.jar;C:\Program Files\Java\jdk1.8.0_152\jre\lib\rt.jar;C:\Users\pc\Documents\GitHub\crawler-system\target\classes;C:\Users\pc\.m2\repository\org\slf4j\slf4j-api\1.6.4\slf4j-api-1.6.4.jar;C:\Users\pc\.m2\repository\org\slf4j\slf4j-log4j12\1.6.4\slf4j-log4j12-1.6.4.jar;C:\Users\pc\.m2\repository\log4j\log4j\1.2.16\log4j-1.2.16.jar;C:\Users\pc\.m2\repository\org\apache\httpcomponents\httpcore\4.2\httpcore-4.2.jar;C:\Users\pc\.m2\repository\org\apache\httpcomponents\httpcore-nio\4.2\httpcore-nio-4.2.jar;C:\Users\pc\.m2\repository\org\apache\httpcomponents\httpclient\4.1.3\httpclient-4.1.3.jar;C:\Users\pc\.m2\repository\commons-logging\commons-logging\1.1.1\commons-logging-1.1.1.jar;C:\Users\pc\.m2\r
Launcher Type: SUN_STANDARD

Environment Variables:
PATH=C:\Program Files\NVIDIA GPU Computing Toolkit\CUDA\v9.0\bin;C:\Program Files\NVIDIA GPU Computing Toolkit\CUDA\v9.0\libnvvp;C:\ProgramData\Oracle\Java\javapath;C:\Program Files (x86)\Intel\iCLS Client\;C:\Program Files\Intel\iCLS Client\;C:\Windows\system32;C:\Windows;C:\Windows\System32\Wbem;C:\Windows\System32\WindowsPowerShell\v1.0\;C:\Program Files (x86)\Intel\Intel(R) Management Engine Components\DAL;C:\Program Files\Intel\Intel(R) Management Engine Components\DAL;C:\Program Files (x86)\Intel\Intel(R) Management Engine Components\IPT;C:\Program Files\Intel\Intel(R) Management Engine Components\IPT;C:\Program Files (x86)\NVIDIA Corporation\PhysX\Common;C:\Users\pc\.dnx\bin;C:\Program Files\Microsoft DNX\Dnvm\;C:\Program Files\Microsoft SQL Server\120\Tools\Binn\;C:\Program Files\nodejs\;C:\Program Files\Git\cmd;C:\WINDOWS\system32;C:\WINDOWS;C:\WINDOWS\System32\Wbem;C:\WINDOWS\System32\WindowsPowerShell\v1.0\;C:\WINDOWS\System32\OpenSSH\;C:\users\pc\appdata\local\programs\python\python36\Scripts;C:\Users\pc\AppData\Roaming\Python\Python36\Scripts;C:\Users\pc\Documents\GitHub\icycleweb\node_modules\.bin;C:\Program Files\Microsoft VS Code\bin;C:\Program Files\Java\jdk1.8.0_152\bin;C:\Users\pc\AppData\Local\Programs\Python\Python36\Scripts\;C:\Users\pc\AppData\Local\Programs\Python\Python36\;C:\Users\pc\AppData\Local\Microsoft\WindowsApps;C:\Users\pc\AppData\Roaming\npm;C:\Program Files\Microsoft VS Code\bin;C:\Program Files\Heroku\bin;
USERNAME=pc
OS=Windows_NT
PROCESSOR_IDENTIFIER=Intel64 Family 6 Model 158 Stepping 9, GenuineIntel



---------------  S Y S T E M  ---------------

OS: Windows 10.0 , 64 bit Build 17134 (10.0.17134.1)

CPU:total 4 (initial active 4) (4 cores per cpu, 1 threads per core) family 6 model 158 stepping 9, cmov, cx8, fxsr, mmx, sse, sse2, sse3, ssse3, sse4.1, sse4.2, popcnt, avx, avx2, aes, clmul, erms, 3dnowpref, lzcnt, tsc, tscinvbit, bmi1, bmi2, adx

Memory: 4k page, physical 16713472k(10883416k free), swap 67045120k(4196k free)

vm_info: Java HotSpot(TM) 64-Bit Server VM (25.152-b16) for windows-amd64 JRE (1.8.0_152-b16), built on Sep 14 2017 02:29:36 by "java_re" with MS VC++ 10.0 (VS2010)

time: Tue Aug 07 08:57:24 2018
elapsed time: 3 seconds (0d 0h 0m 3s)

